2021-12-29 15:11:15,699 ERROR [main] o.s.b.SpringApplication [SpringApplication.java:843] Application run failed
java.lang.IllegalStateException: java.lang.IllegalStateException: Logback configuration error detected: 
ERROR in ch.qos.logback.core.joran.action.ShutdownHookAction - Missing class name for shutdown hook. Near [shutdownHook] line 55
	at org.springframework.boot.context.logging.LoggingApplicationListener.initializeSystem(LoggingApplicationListener.java:328) ~[spring-boot-2.5.4.jar!/:2.5.4]
	at org.springframework.boot.context.logging.LoggingApplicationListener.initialize(LoggingApplicationListener.java:282) ~[spring-boot-2.5.4.jar!/:2.5.4]
	at org.springframework.boot.context.logging.LoggingApplicationListener.onApplicationEnvironmentPreparedEvent(LoggingApplicationListener.java:240) ~[spring-boot-2.5.4.jar!/:2.5.4]
	at org.springframework.boot.context.logging.LoggingApplicationListener.onApplicationEvent(LoggingApplicationListener.java:216) ~[spring-boot-2.5.4.jar!/:2.5.4]
	at org.springframework.context.event.SimpleApplicationEventMulticaster.doInvokeListener(SimpleApplicationEventMulticaster.java:176) ~[spring-context-5.3.9.jar!/:5.3.9]
	at org.springframework.context.event.SimpleApplicationEventMulticaster.invokeListener(SimpleApplicationEventMulticaster.java:169) ~[spring-context-5.3.9.jar!/:5.3.9]
	at org.springframework.context.event.SimpleApplicationEventMulticaster.multicastEvent(SimpleApplicationEventMulticaster.java:143) ~[spring-context-5.3.9.jar!/:5.3.9]
	at org.springframework.context.event.SimpleApplicationEventMulticaster.multicastEvent(SimpleApplicationEventMulticaster.java:131) ~[spring-context-5.3.9.jar!/:5.3.9]
	at org.springframework.boot.context.event.EventPublishingRunListener.environmentPrepared(EventPublishingRunListener.java:82) ~[spring-boot-2.5.4.jar!/:2.5.4]
	at org.springframework.boot.SpringApplicationRunListeners.lambda$environmentPrepared$2(SpringApplicationRunListeners.java:63) ~[spring-boot-2.5.4.jar!/:2.5.4]
	at java.base/java.util.ArrayList.forEach(ArrayList.java:1541) ~[na:na]
	at org.springframework.boot.SpringApplicationRunListeners.doWithListeners(SpringApplicationRunListeners.java:117) ~[spring-boot-2.5.4.jar!/:2.5.4]
	at org.springframework.boot.SpringApplicationRunListeners.doWithListeners(SpringApplicationRunListeners.java:111) ~[spring-boot-2.5.4.jar!/:2.5.4]
	at org.springframework.boot.SpringApplicationRunListeners.environmentPrepared(SpringApplicationRunListeners.java:62) ~[spring-boot-2.5.4.jar!/:2.5.4]
	at org.springframework.boot.SpringApplication.prepareEnvironment(SpringApplication.java:374) ~[spring-boot-2.5.4.jar!/:2.5.4]
	at org.springframework.boot.SpringApplication.run(SpringApplication.java:332) ~[spring-boot-2.5.4.jar!/:2.5.4]
	at org.springframework.boot.SpringApplication.run(SpringApplication.java:1343) ~[spring-boot-2.5.4.jar!/:2.5.4]
	at org.springframework.boot.SpringApplication.run(SpringApplication.java:1332) ~[spring-boot-2.5.4.jar!/:2.5.4]
	at org.eclipse.dirigible.services.spring.boot.picocli.DirigibleCLIApplication.main(DirigibleCLIApplication.java:28) ~[classes!/:na]
	at java.base/jdk.internal.reflect.NativeMethodAccessorImpl.invoke0(Native Method) ~[na:na]
	at java.base/jdk.internal.reflect.NativeMethodAccessorImpl.invoke(NativeMethodAccessorImpl.java:62) ~[na:na]
	at java.base/jdk.internal.reflect.DelegatingMethodAccessorImpl.invoke(DelegatingMethodAccessorImpl.java:43) ~[na:na]
	at java.base/java.lang.reflect.Method.invoke(Method.java:566) ~[na:na]
	at org.springframework.boot.loader.MainMethodRunner.run(MainMethodRunner.java:49) ~[dirigible-server-picocli-7.0.0-SNAPSHOT.jar:na]
	at org.springframework.boot.loader.Launcher.launch(Launcher.java:108) ~[dirigible-server-picocli-7.0.0-SNAPSHOT.jar:na]
	at org.springframework.boot.loader.Launcher.launch(Launcher.java:58) ~[dirigible-server-picocli-7.0.0-SNAPSHOT.jar:na]
	at org.springframework.boot.loader.JarLauncher.main(JarLauncher.java:88) ~[dirigible-server-picocli-7.0.0-SNAPSHOT.jar:na]
Caused by: java.lang.IllegalStateException: Logback configuration error detected: 
ERROR in ch.qos.logback.core.joran.action.ShutdownHookAction - Missing class name for shutdown hook. Near [shutdownHook] line 55
	at org.springframework.boot.logging.logback.LogbackLoggingSystem.loadConfiguration(LogbackLoggingSystem.java:179) ~[spring-boot-2.5.4.jar!/:2.5.4]
	at org.springframework.boot.logging.logback.LogbackLoggingSystem.reinitialize(LogbackLoggingSystem.java:232) ~[spring-boot-2.5.4.jar!/:2.5.4]
	at org.springframework.boot.logging.AbstractLoggingSystem.initializeWithConventions(AbstractLoggingSystem.java:73) ~[spring-boot-2.5.4.jar!/:2.5.4]
	at org.springframework.boot.logging.AbstractLoggingSystem.initialize(AbstractLoggingSystem.java:60) ~[spring-boot-2.5.4.jar!/:2.5.4]
	at org.springframework.boot.logging.logback.LogbackLoggingSystem.initialize(LogbackLoggingSystem.java:132) ~[spring-boot-2.5.4.jar!/:2.5.4]
	at org.springframework.boot.context.logging.LoggingApplicationListener.initializeSystem(LoggingApplicationListener.java:313) ~[spring-boot-2.5.4.jar!/:2.5.4]
	... 26 common frames omitted
2021-12-29 15:12:02,308 ERROR [main] o.s.b.SpringApplication [SpringApplication.java:843] Application run failed
java.lang.IllegalStateException: java.lang.IllegalStateException: Logback configuration error detected: 
ERROR in ch.qos.logback.core.joran.action.ShutdownHookAction - Missing class name for shutdown hook. Near [shutdownHook] line 55
	at org.springframework.boot.context.logging.LoggingApplicationListener.initializeSystem(LoggingApplicationListener.java:328) ~[spring-boot-2.5.4.jar!/:2.5.4]
	at org.springframework.boot.context.logging.LoggingApplicationListener.initialize(LoggingApplicationListener.java:282) ~[spring-boot-2.5.4.jar!/:2.5.4]
	at org.springframework.boot.context.logging.LoggingApplicationListener.onApplicationEnvironmentPreparedEvent(LoggingApplicationListener.java:240) ~[spring-boot-2.5.4.jar!/:2.5.4]
	at org.springframework.boot.context.logging.LoggingApplicationListener.onApplicationEvent(LoggingApplicationListener.java:216) ~[spring-boot-2.5.4.jar!/:2.5.4]
	at org.springframework.context.event.SimpleApplicationEventMulticaster.doInvokeListener(SimpleApplicationEventMulticaster.java:176) ~[spring-context-5.3.9.jar!/:5.3.9]
	at org.springframework.context.event.SimpleApplicationEventMulticaster.invokeListener(SimpleApplicationEventMulticaster.java:169) ~[spring-context-5.3.9.jar!/:5.3.9]
	at org.springframework.context.event.SimpleApplicationEventMulticaster.multicastEvent(SimpleApplicationEventMulticaster.java:143) ~[spring-context-5.3.9.jar!/:5.3.9]
	at org.springframework.context.event.SimpleApplicationEventMulticaster.multicastEvent(SimpleApplicationEventMulticaster.java:131) ~[spring-context-5.3.9.jar!/:5.3.9]
	at org.springframework.boot.context.event.EventPublishingRunListener.environmentPrepared(EventPublishingRunListener.java:82) ~[spring-boot-2.5.4.jar!/:2.5.4]
	at org.springframework.boot.SpringApplicationRunListeners.lambda$environmentPrepared$2(SpringApplicationRunListeners.java:63) ~[spring-boot-2.5.4.jar!/:2.5.4]
	at java.base/java.util.ArrayList.forEach(ArrayList.java:1541) ~[na:na]
	at org.springframework.boot.SpringApplicationRunListeners.doWithListeners(SpringApplicationRunListeners.java:117) ~[spring-boot-2.5.4.jar!/:2.5.4]
	at org.springframework.boot.SpringApplicationRunListeners.doWithListeners(SpringApplicationRunListeners.java:111) ~[spring-boot-2.5.4.jar!/:2.5.4]
	at org.springframework.boot.SpringApplicationRunListeners.environmentPrepared(SpringApplicationRunListeners.java:62) ~[spring-boot-2.5.4.jar!/:2.5.4]
	at org.springframework.boot.SpringApplication.prepareEnvironment(SpringApplication.java:374) ~[spring-boot-2.5.4.jar!/:2.5.4]
	at org.springframework.boot.SpringApplication.run(SpringApplication.java:332) ~[spring-boot-2.5.4.jar!/:2.5.4]
	at org.springframework.boot.SpringApplication.run(SpringApplication.java:1343) ~[spring-boot-2.5.4.jar!/:2.5.4]
	at org.springframework.boot.SpringApplication.run(SpringApplication.java:1332) ~[spring-boot-2.5.4.jar!/:2.5.4]
	at org.eclipse.dirigible.services.spring.boot.picocli.DirigibleCLIApplication.main(DirigibleCLIApplication.java:28) ~[classes!/:na]
	at java.base/jdk.internal.reflect.NativeMethodAccessorImpl.invoke0(Native Method) ~[na:na]
	at java.base/jdk.internal.reflect.NativeMethodAccessorImpl.invoke(NativeMethodAccessorImpl.java:62) ~[na:na]
	at java.base/jdk.internal.reflect.DelegatingMethodAccessorImpl.invoke(DelegatingMethodAccessorImpl.java:43) ~[na:na]
	at java.base/java.lang.reflect.Method.invoke(Method.java:566) ~[na:na]
	at org.springframework.boot.loader.MainMethodRunner.run(MainMethodRunner.java:49) ~[dirigible-server-picocli-7.0.0-SNAPSHOT.jar:na]
	at org.springframework.boot.loader.Launcher.launch(Launcher.java:108) ~[dirigible-server-picocli-7.0.0-SNAPSHOT.jar:na]
	at org.springframework.boot.loader.Launcher.launch(Launcher.java:58) ~[dirigible-server-picocli-7.0.0-SNAPSHOT.jar:na]
	at org.springframework.boot.loader.JarLauncher.main(JarLauncher.java:88) ~[dirigible-server-picocli-7.0.0-SNAPSHOT.jar:na]
Caused by: java.lang.IllegalStateException: Logback configuration error detected: 
ERROR in ch.qos.logback.core.joran.action.ShutdownHookAction - Missing class name for shutdown hook. Near [shutdownHook] line 55
	at org.springframework.boot.logging.logback.LogbackLoggingSystem.loadConfiguration(LogbackLoggingSystem.java:179) ~[spring-boot-2.5.4.jar!/:2.5.4]
	at org.springframework.boot.logging.logback.LogbackLoggingSystem.reinitialize(LogbackLoggingSystem.java:232) ~[spring-boot-2.5.4.jar!/:2.5.4]
	at org.springframework.boot.logging.AbstractLoggingSystem.initializeWithConventions(AbstractLoggingSystem.java:73) ~[spring-boot-2.5.4.jar!/:2.5.4]
	at org.springframework.boot.logging.AbstractLoggingSystem.initialize(AbstractLoggingSystem.java:60) ~[spring-boot-2.5.4.jar!/:2.5.4]
	at org.springframework.boot.logging.logback.LogbackLoggingSystem.initialize(LogbackLoggingSystem.java:132) ~[spring-boot-2.5.4.jar!/:2.5.4]
	at org.springframework.boot.context.logging.LoggingApplicationListener.initializeSystem(LoggingApplicationListener.java:313) ~[spring-boot-2.5.4.jar!/:2.5.4]
	... 26 common frames omitted
2021-12-29 15:12:39,145 ERROR [main] o.s.b.SpringApplication [SpringApplication.java:843] Application run failed
java.lang.IllegalStateException: java.lang.IllegalStateException: Logback configuration error detected: 
ERROR in ch.qos.logback.core.joran.action.ShutdownHookAction - Missing class name for shutdown hook. Near [shutdownHook] line 55
	at org.springframework.boot.context.logging.LoggingApplicationListener.initializeSystem(LoggingApplicationListener.java:328) ~[spring-boot-2.5.4.jar!/:2.5.4]
	at org.springframework.boot.context.logging.LoggingApplicationListener.initialize(LoggingApplicationListener.java:282) ~[spring-boot-2.5.4.jar!/:2.5.4]
	at org.springframework.boot.context.logging.LoggingApplicationListener.onApplicationEnvironmentPreparedEvent(LoggingApplicationListener.java:240) ~[spring-boot-2.5.4.jar!/:2.5.4]
	at org.springframework.boot.context.logging.LoggingApplicationListener.onApplicationEvent(LoggingApplicationListener.java:216) ~[spring-boot-2.5.4.jar!/:2.5.4]
	at org.springframework.context.event.SimpleApplicationEventMulticaster.doInvokeListener(SimpleApplicationEventMulticaster.java:176) ~[spring-context-5.3.9.jar!/:5.3.9]
	at org.springframework.context.event.SimpleApplicationEventMulticaster.invokeListener(SimpleApplicationEventMulticaster.java:169) ~[spring-context-5.3.9.jar!/:5.3.9]
	at org.springframework.context.event.SimpleApplicationEventMulticaster.multicastEvent(SimpleApplicationEventMulticaster.java:143) ~[spring-context-5.3.9.jar!/:5.3.9]
	at org.springframework.context.event.SimpleApplicationEventMulticaster.multicastEvent(SimpleApplicationEventMulticaster.java:131) ~[spring-context-5.3.9.jar!/:5.3.9]
	at org.springframework.boot.context.event.EventPublishingRunListener.environmentPrepared(EventPublishingRunListener.java:82) ~[spring-boot-2.5.4.jar!/:2.5.4]
	at org.springframework.boot.SpringApplicationRunListeners.lambda$environmentPrepared$2(SpringApplicationRunListeners.java:63) ~[spring-boot-2.5.4.jar!/:2.5.4]
	at java.base/java.util.ArrayList.forEach(ArrayList.java:1541) ~[na:na]
	at org.springframework.boot.SpringApplicationRunListeners.doWithListeners(SpringApplicationRunListeners.java:117) ~[spring-boot-2.5.4.jar!/:2.5.4]
	at org.springframework.boot.SpringApplicationRunListeners.doWithListeners(SpringApplicationRunListeners.java:111) ~[spring-boot-2.5.4.jar!/:2.5.4]
	at org.springframework.boot.SpringApplicationRunListeners.environmentPrepared(SpringApplicationRunListeners.java:62) ~[spring-boot-2.5.4.jar!/:2.5.4]
	at org.springframework.boot.SpringApplication.prepareEnvironment(SpringApplication.java:374) ~[spring-boot-2.5.4.jar!/:2.5.4]
	at org.springframework.boot.SpringApplication.run(SpringApplication.java:332) ~[spring-boot-2.5.4.jar!/:2.5.4]
	at org.springframework.boot.SpringApplication.run(SpringApplication.java:1343) ~[spring-boot-2.5.4.jar!/:2.5.4]
	at org.springframework.boot.SpringApplication.run(SpringApplication.java:1332) ~[spring-boot-2.5.4.jar!/:2.5.4]
	at org.eclipse.dirigible.services.spring.boot.picocli.DirigibleCLIApplication.main(DirigibleCLIApplication.java:28) ~[classes!/:na]
	at java.base/jdk.internal.reflect.NativeMethodAccessorImpl.invoke0(Native Method) ~[na:na]
	at java.base/jdk.internal.reflect.NativeMethodAccessorImpl.invoke(NativeMethodAccessorImpl.java:62) ~[na:na]
	at java.base/jdk.internal.reflect.DelegatingMethodAccessorImpl.invoke(DelegatingMethodAccessorImpl.java:43) ~[na:na]
	at java.base/java.lang.reflect.Method.invoke(Method.java:566) ~[na:na]
	at org.springframework.boot.loader.MainMethodRunner.run(MainMethodRunner.java:49) ~[dirigible-server-picocli-7.0.0-SNAPSHOT.jar:na]
	at org.springframework.boot.loader.Launcher.launch(Launcher.java:108) ~[dirigible-server-picocli-7.0.0-SNAPSHOT.jar:na]
	at org.springframework.boot.loader.Launcher.launch(Launcher.java:58) ~[dirigible-server-picocli-7.0.0-SNAPSHOT.jar:na]
	at org.springframework.boot.loader.JarLauncher.main(JarLauncher.java:88) ~[dirigible-server-picocli-7.0.0-SNAPSHOT.jar:na]
Caused by: java.lang.IllegalStateException: Logback configuration error detected: 
ERROR in ch.qos.logback.core.joran.action.ShutdownHookAction - Missing class name for shutdown hook. Near [shutdownHook] line 55
	at org.springframework.boot.logging.logback.LogbackLoggingSystem.loadConfiguration(LogbackLoggingSystem.java:179) ~[spring-boot-2.5.4.jar!/:2.5.4]
	at org.springframework.boot.logging.logback.LogbackLoggingSystem.reinitialize(LogbackLoggingSystem.java:232) ~[spring-boot-2.5.4.jar!/:2.5.4]
	at org.springframework.boot.logging.AbstractLoggingSystem.initializeWithConventions(AbstractLoggingSystem.java:73) ~[spring-boot-2.5.4.jar!/:2.5.4]
	at org.springframework.boot.logging.AbstractLoggingSystem.initialize(AbstractLoggingSystem.java:60) ~[spring-boot-2.5.4.jar!/:2.5.4]
	at org.springframework.boot.logging.logback.LogbackLoggingSystem.initialize(LogbackLoggingSystem.java:132) ~[spring-boot-2.5.4.jar!/:2.5.4]
	at org.springframework.boot.context.logging.LoggingApplicationListener.initializeSystem(LoggingApplicationListener.java:313) ~[spring-boot-2.5.4.jar!/:2.5.4]
	... 26 common frames omitted
2021-12-29 15:13:34,236 ERROR [main] o.s.b.SpringApplication [SpringApplication.java:843] Application run failed
java.lang.IllegalStateException: java.lang.IllegalStateException: Logback configuration error detected: 
ERROR in ch.qos.logback.core.joran.action.ShutdownHookAction - Missing class name for shutdown hook. Near [shutdownHook] line 55
	at org.springframework.boot.context.logging.LoggingApplicationListener.initializeSystem(LoggingApplicationListener.java:328) ~[spring-boot-2.5.4.jar!/:2.5.4]
	at org.springframework.boot.context.logging.LoggingApplicationListener.initialize(LoggingApplicationListener.java:282) ~[spring-boot-2.5.4.jar!/:2.5.4]
	at org.springframework.boot.context.logging.LoggingApplicationListener.onApplicationEnvironmentPreparedEvent(LoggingApplicationListener.java:240) ~[spring-boot-2.5.4.jar!/:2.5.4]
	at org.springframework.boot.context.logging.LoggingApplicationListener.onApplicationEvent(LoggingApplicationListener.java:216) ~[spring-boot-2.5.4.jar!/:2.5.4]
	at org.springframework.context.event.SimpleApplicationEventMulticaster.doInvokeListener(SimpleApplicationEventMulticaster.java:176) ~[spring-context-5.3.9.jar!/:5.3.9]
	at org.springframework.context.event.SimpleApplicationEventMulticaster.invokeListener(SimpleApplicationEventMulticaster.java:169) ~[spring-context-5.3.9.jar!/:5.3.9]
	at org.springframework.context.event.SimpleApplicationEventMulticaster.multicastEvent(SimpleApplicationEventMulticaster.java:143) ~[spring-context-5.3.9.jar!/:5.3.9]
	at org.springframework.context.event.SimpleApplicationEventMulticaster.multicastEvent(SimpleApplicationEventMulticaster.java:131) ~[spring-context-5.3.9.jar!/:5.3.9]
	at org.springframework.boot.context.event.EventPublishingRunListener.environmentPrepared(EventPublishingRunListener.java:82) ~[spring-boot-2.5.4.jar!/:2.5.4]
	at org.springframework.boot.SpringApplicationRunListeners.lambda$environmentPrepared$2(SpringApplicationRunListeners.java:63) ~[spring-boot-2.5.4.jar!/:2.5.4]
	at java.base/java.util.ArrayList.forEach(ArrayList.java:1541) ~[na:na]
	at org.springframework.boot.SpringApplicationRunListeners.doWithListeners(SpringApplicationRunListeners.java:117) ~[spring-boot-2.5.4.jar!/:2.5.4]
	at org.springframework.boot.SpringApplicationRunListeners.doWithListeners(SpringApplicationRunListeners.java:111) ~[spring-boot-2.5.4.jar!/:2.5.4]
	at org.springframework.boot.SpringApplicationRunListeners.environmentPrepared(SpringApplicationRunListeners.java:62) ~[spring-boot-2.5.4.jar!/:2.5.4]
	at org.springframework.boot.SpringApplication.prepareEnvironment(SpringApplication.java:374) ~[spring-boot-2.5.4.jar!/:2.5.4]
	at org.springframework.boot.SpringApplication.run(SpringApplication.java:332) ~[spring-boot-2.5.4.jar!/:2.5.4]
	at org.springframework.boot.SpringApplication.run(SpringApplication.java:1343) ~[spring-boot-2.5.4.jar!/:2.5.4]
	at org.springframework.boot.SpringApplication.run(SpringApplication.java:1332) ~[spring-boot-2.5.4.jar!/:2.5.4]
	at org.eclipse.dirigible.services.spring.boot.picocli.DirigibleCLIApplication.main(DirigibleCLIApplication.java:28) ~[classes!/:na]
	at java.base/jdk.internal.reflect.NativeMethodAccessorImpl.invoke0(Native Method) ~[na:na]
	at java.base/jdk.internal.reflect.NativeMethodAccessorImpl.invoke(NativeMethodAccessorImpl.java:62) ~[na:na]
	at java.base/jdk.internal.reflect.DelegatingMethodAccessorImpl.invoke(DelegatingMethodAccessorImpl.java:43) ~[na:na]
	at java.base/java.lang.reflect.Method.invoke(Method.java:566) ~[na:na]
	at org.springframework.boot.loader.MainMethodRunner.run(MainMethodRunner.java:49) ~[dirigible-server-picocli-7.0.0-SNAPSHOT.jar:na]
	at org.springframework.boot.loader.Launcher.launch(Launcher.java:108) ~[dirigible-server-picocli-7.0.0-SNAPSHOT.jar:na]
	at org.springframework.boot.loader.Launcher.launch(Launcher.java:58) ~[dirigible-server-picocli-7.0.0-SNAPSHOT.jar:na]
	at org.springframework.boot.loader.JarLauncher.main(JarLauncher.java:88) ~[dirigible-server-picocli-7.0.0-SNAPSHOT.jar:na]
Caused by: java.lang.IllegalStateException: Logback configuration error detected: 
ERROR in ch.qos.logback.core.joran.action.ShutdownHookAction - Missing class name for shutdown hook. Near [shutdownHook] line 55
	at org.springframework.boot.logging.logback.LogbackLoggingSystem.loadConfiguration(LogbackLoggingSystem.java:179) ~[spring-boot-2.5.4.jar!/:2.5.4]
	at org.springframework.boot.logging.logback.LogbackLoggingSystem.reinitialize(LogbackLoggingSystem.java:232) ~[spring-boot-2.5.4.jar!/:2.5.4]
	at org.springframework.boot.logging.AbstractLoggingSystem.initializeWithConventions(AbstractLoggingSystem.java:73) ~[spring-boot-2.5.4.jar!/:2.5.4]
	at org.springframework.boot.logging.AbstractLoggingSystem.initialize(AbstractLoggingSystem.java:60) ~[spring-boot-2.5.4.jar!/:2.5.4]
	at org.springframework.boot.logging.logback.LogbackLoggingSystem.initialize(LogbackLoggingSystem.java:132) ~[spring-boot-2.5.4.jar!/:2.5.4]
	at org.springframework.boot.context.logging.LoggingApplicationListener.initializeSystem(LoggingApplicationListener.java:313) ~[spring-boot-2.5.4.jar!/:2.5.4]
	... 26 common frames omitted
2021-12-29 15:14:38,961 INFO [main] o.q.i.StdSchedulerFactory [StdSchedulerFactory.java:1220] Using default implementation for ThreadExecutor
2021-12-29 15:14:38,980 INFO [main] o.q.c.SchedulerSignalerImpl [SchedulerSignalerImpl.java:61] Initialized Scheduler Signaller of type: class org.quartz.core.SchedulerSignalerImpl
2021-12-29 15:14:38,981 INFO [main] o.q.c.QuartzScheduler [QuartzScheduler.java:229] Quartz Scheduler v.2.3.2 created.
2021-12-29 15:14:38,984 INFO [main] o.q.c.QuartzScheduler [QuartzScheduler.java:294] Scheduler meta-data: Quartz Scheduler (v2.3.2) 'DirigibleClusteredScheduler' with instanceId 'C02G50SZMD6T1640783678967'
  Scheduler class: 'org.quartz.core.QuartzScheduler' - running locally.
  NOT STARTED.
  Currently in standby mode.
  Number of jobs executed: 0
  Using thread pool 'org.quartz.simpl.SimpleThreadPool' - with 10 threads.
  Using job-store 'org.eclipse.dirigible.core.scheduler.quartz.CustomJobStore' - which supports persistence. and is clustered.

2021-12-29 15:14:38,984 INFO [main] o.q.i.StdSchedulerFactory [StdSchedulerFactory.java:1374] Quartz scheduler 'DirigibleClusteredScheduler' initialized from an externally provided properties instance.
2021-12-29 15:14:38,985 INFO [main] o.q.i.StdSchedulerFactory [StdSchedulerFactory.java:1378] Quartz scheduler version: 2.3.2
2021-12-29 15:14:39,215 INFO [main] o.q.c.QuartzScheduler [QuartzScheduler.java:547] Scheduler DirigibleClusteredScheduler_$_C02G50SZMD6T1640783678967 started.
2021-12-29 15:14:39,383 INFO [main] o.a.a.b.BrokerService [BrokerService.java:289] Loaded the Bouncy Castle security provider at position: 14
2021-12-29 15:14:39,442 INFO [main] o.a.a.b.BrokerService [BrokerService.java:691] Using Persistence Adapter: JDBCPersistenceAdapter(org.eclipse.dirigible.database.api.wrappers.WrappedDataSource@28c88600)
2021-12-29 15:14:39,445 INFO [main] o.a.a.s.j.JDBCPersistenceAdapter [JDBCPersistenceAdapter.java:472] Database adapter driver override not found for : [h2_jdbc_driver].  Will use default implementation.
2021-12-29 15:14:39,477 INFO [main] o.a.a.s.j.JDBCPersistenceAdapter [JDBCPersistenceAdapter.java:472] Database lock driver override not found for : [h2_jdbc_driver].  Will use default implementation.
2021-12-29 15:14:39,478 INFO [main] o.a.a.s.j.DefaultDatabaseLocker [DefaultDatabaseLocker.java:46] Attempting to acquire the exclusive lock to become the Master broker
2021-12-29 15:14:39,479 INFO [main] o.a.a.s.j.DefaultDatabaseLocker [DefaultDatabaseLocker.java:118] Becoming the master on dataSource: org.eclipse.dirigible.database.api.wrappers.WrappedDataSource@28c88600
2021-12-29 15:14:39,482 INFO [main] o.a.a.s.k.p.PListStoreImpl [PListStoreImpl.java:371] PListStore:[/Users/i031512/SAPDevelop/GitHub/Dirigible/dirigible/releng/server-picocli/./target/temp/kahadb] started
2021-12-29 15:14:39,641 INFO [main] o.a.a.b.BrokerService [BrokerService.java:754] Apache ActiveMQ 5.16.0 (localhost, ID:C02G50SZMD6T-51480-1640783679505-0:1) is starting
2021-12-29 15:14:39,650 INFO [main] o.a.a.b.TransportConnector [TransportConnector.java:264] Connector vm://localhost started
2021-12-29 15:14:39,650 INFO [main] o.a.a.b.BrokerService [BrokerService.java:781] Apache ActiveMQ 5.16.0 (localhost, ID:C02G50SZMD6T-51480-1640783679505-0:1) started
2021-12-29 15:14:39,650 INFO [main] o.a.a.b.BrokerService [BrokerService.java:782] For help or more information please see: http://activemq.apache.org
2021-12-29 15:14:41,244 INFO [main] o.q.c.QuartzScheduler [QuartzScheduler.java:666] Scheduler DirigibleClusteredScheduler_$_C02G50SZMD6T1640783678967 shutting down.
2021-12-29 15:14:41,245 INFO [main] o.q.c.QuartzScheduler [QuartzScheduler.java:585] Scheduler DirigibleClusteredScheduler_$_C02G50SZMD6T1640783678967 paused.
2021-12-29 15:14:41,585 INFO [main] o.q.c.QuartzScheduler [QuartzScheduler.java:740] Scheduler DirigibleClusteredScheduler_$_C02G50SZMD6T1640783678967 shutdown complete.
2021-12-29 15:14:41,587 INFO [main] o.a.a.b.BrokerService [BrokerService.java:844] Apache ActiveMQ 5.16.0 (localhost, ID:C02G50SZMD6T-51480-1640783679505-0:1) is shutting down
2021-12-29 15:14:41,588 INFO [main] o.a.a.b.TransportConnector [TransportConnector.java:309] Connector vm://localhost stopped
2021-12-29 15:14:41,590 INFO [main] o.a.a.s.k.p.PListStoreImpl [PListStoreImpl.java:396] PListStore:[/Users/i031512/SAPDevelop/GitHub/Dirigible/dirigible/releng/server-picocli/./target/temp/kahadb] stopped
2021-12-29 15:14:41,607 INFO [main] o.a.a.b.BrokerService [BrokerService.java:904] Apache ActiveMQ 5.16.0 (localhost, ID:C02G50SZMD6T-51480-1640783679505-0:1) uptime 2.169 seconds
2021-12-29 15:14:41,607 INFO [main] o.a.a.b.BrokerService [BrokerService.java:906] Apache ActiveMQ 5.16.0 (localhost, ID:C02G50SZMD6T-51480-1640783679505-0:1) is shutdown
2021-12-29 15:16:55,601 ERROR [main] o.s.b.SpringApplication [SpringApplication.java:843] Application run failed
java.lang.IllegalStateException: java.lang.IllegalStateException: Logback configuration error detected: 
ERROR in ch.qos.logback.core.joran.action.AppenderAction - Could not create an Appender of type [org.eclipse.dirigible.runtime.ide.console.service.ConsoleLoggingAppender]. ch.qos.logback.core.util.DynamicClassLoadingException: Failed to instantiate type org.eclipse.dirigible.runtime.ide.console.service.ConsoleLoggingAppender
ERROR in ch.qos.logback.core.joran.spi.Interpreter@41:123 - ActionException in Action for tag [appender] ch.qos.logback.core.joran.spi.ActionException: ch.qos.logback.core.util.DynamicClassLoadingException: Failed to instantiate type org.eclipse.dirigible.runtime.ide.console.service.ConsoleLoggingAppender
ERROR in ch.qos.logback.core.joran.action.AppenderRefAction - Could not find an appender named [ConsoleLoggingAppender]. Did you define it below instead of above in the configuration file?
ERROR in ch.qos.logback.core.joran.action.AppenderRefAction - See http://logback.qos.ch/codes.html#appender_order for more details.
ERROR in ch.qos.logback.core.joran.action.AppenderRefAction - Could not find an appender named [ConsoleLoggingAppender]. Did you define it below instead of above in the configuration file?
ERROR in ch.qos.logback.core.joran.action.AppenderRefAction - See http://logback.qos.ch/codes.html#appender_order for more details.
ERROR in ch.qos.logback.core.joran.action.AppenderRefAction - Could not find an appender named [ConsoleLoggingAppender]. Did you define it below instead of above in the configuration file?
ERROR in ch.qos.logback.core.joran.action.AppenderRefAction - See http://logback.qos.ch/codes.html#appender_order for more details.
	at org.springframework.boot.context.logging.LoggingApplicationListener.initializeSystem(LoggingApplicationListener.java:328) ~[spring-boot-2.5.4.jar!/:2.5.4]
	at org.springframework.boot.context.logging.LoggingApplicationListener.initialize(LoggingApplicationListener.java:282) ~[spring-boot-2.5.4.jar!/:2.5.4]
	at org.springframework.boot.context.logging.LoggingApplicationListener.onApplicationEnvironmentPreparedEvent(LoggingApplicationListener.java:240) ~[spring-boot-2.5.4.jar!/:2.5.4]
	at org.springframework.boot.context.logging.LoggingApplicationListener.onApplicationEvent(LoggingApplicationListener.java:216) ~[spring-boot-2.5.4.jar!/:2.5.4]
	at org.springframework.context.event.SimpleApplicationEventMulticaster.doInvokeListener(SimpleApplicationEventMulticaster.java:176) ~[spring-context-5.3.9.jar!/:5.3.9]
	at org.springframework.context.event.SimpleApplicationEventMulticaster.invokeListener(SimpleApplicationEventMulticaster.java:169) ~[spring-context-5.3.9.jar!/:5.3.9]
	at org.springframework.context.event.SimpleApplicationEventMulticaster.multicastEvent(SimpleApplicationEventMulticaster.java:143) ~[spring-context-5.3.9.jar!/:5.3.9]
	at org.springframework.context.event.SimpleApplicationEventMulticaster.multicastEvent(SimpleApplicationEventMulticaster.java:131) ~[spring-context-5.3.9.jar!/:5.3.9]
	at org.springframework.boot.context.event.EventPublishingRunListener.environmentPrepared(EventPublishingRunListener.java:82) ~[spring-boot-2.5.4.jar!/:2.5.4]
	at org.springframework.boot.SpringApplicationRunListeners.lambda$environmentPrepared$2(SpringApplicationRunListeners.java:63) ~[spring-boot-2.5.4.jar!/:2.5.4]
	at java.base/java.util.ArrayList.forEach(ArrayList.java:1541) ~[na:na]
	at org.springframework.boot.SpringApplicationRunListeners.doWithListeners(SpringApplicationRunListeners.java:117) ~[spring-boot-2.5.4.jar!/:2.5.4]
	at org.springframework.boot.SpringApplicationRunListeners.doWithListeners(SpringApplicationRunListeners.java:111) ~[spring-boot-2.5.4.jar!/:2.5.4]
	at org.springframework.boot.SpringApplicationRunListeners.environmentPrepared(SpringApplicationRunListeners.java:62) ~[spring-boot-2.5.4.jar!/:2.5.4]
	at org.springframework.boot.SpringApplication.prepareEnvironment(SpringApplication.java:374) ~[spring-boot-2.5.4.jar!/:2.5.4]
	at org.springframework.boot.SpringApplication.run(SpringApplication.java:332) ~[spring-boot-2.5.4.jar!/:2.5.4]
	at org.springframework.boot.SpringApplication.run(SpringApplication.java:1343) ~[spring-boot-2.5.4.jar!/:2.5.4]
	at org.springframework.boot.SpringApplication.run(SpringApplication.java:1332) ~[spring-boot-2.5.4.jar!/:2.5.4]
	at org.eclipse.dirigible.services.spring.boot.picocli.DirigibleCLIApplication.main(DirigibleCLIApplication.java:28) ~[classes!/:na]
	at java.base/jdk.internal.reflect.NativeMethodAccessorImpl.invoke0(Native Method) ~[na:na]
	at java.base/jdk.internal.reflect.NativeMethodAccessorImpl.invoke(NativeMethodAccessorImpl.java:62) ~[na:na]
	at java.base/jdk.internal.reflect.DelegatingMethodAccessorImpl.invoke(DelegatingMethodAccessorImpl.java:43) ~[na:na]
	at java.base/java.lang.reflect.Method.invoke(Method.java:566) ~[na:na]
	at org.springframework.boot.loader.MainMethodRunner.run(MainMethodRunner.java:49) ~[dirigible-server-picocli-7.0.0-SNAPSHOT.jar:na]
	at org.springframework.boot.loader.Launcher.launch(Launcher.java:108) ~[dirigible-server-picocli-7.0.0-SNAPSHOT.jar:na]
	at org.springframework.boot.loader.Launcher.launch(Launcher.java:58) ~[dirigible-server-picocli-7.0.0-SNAPSHOT.jar:na]
	at org.springframework.boot.loader.JarLauncher.main(JarLauncher.java:88) ~[dirigible-server-picocli-7.0.0-SNAPSHOT.jar:na]
Caused by: java.lang.IllegalStateException: Logback configuration error detected: 
ERROR in ch.qos.logback.core.joran.action.AppenderAction - Could not create an Appender of type [org.eclipse.dirigible.runtime.ide.console.service.ConsoleLoggingAppender]. ch.qos.logback.core.util.DynamicClassLoadingException: Failed to instantiate type org.eclipse.dirigible.runtime.ide.console.service.ConsoleLoggingAppender
ERROR in ch.qos.logback.core.joran.spi.Interpreter@41:123 - ActionException in Action for tag [appender] ch.qos.logback.core.joran.spi.ActionException: ch.qos.logback.core.util.DynamicClassLoadingException: Failed to instantiate type org.eclipse.dirigible.runtime.ide.console.service.ConsoleLoggingAppender
ERROR in ch.qos.logback.core.joran.action.AppenderRefAction - Could not find an appender named [ConsoleLoggingAppender]. Did you define it below instead of above in the configuration file?
ERROR in ch.qos.logback.core.joran.action.AppenderRefAction - See http://logback.qos.ch/codes.html#appender_order for more details.
ERROR in ch.qos.logback.core.joran.action.AppenderRefAction - Could not find an appender named [ConsoleLoggingAppender]. Did you define it below instead of above in the configuration file?
ERROR in ch.qos.logback.core.joran.action.AppenderRefAction - See http://logback.qos.ch/codes.html#appender_order for more details.
ERROR in ch.qos.logback.core.joran.action.AppenderRefAction - Could not find an appender named [ConsoleLoggingAppender]. Did you define it below instead of above in the configuration file?
ERROR in ch.qos.logback.core.joran.action.AppenderRefAction - See http://logback.qos.ch/codes.html#appender_order for more details.
	at org.springframework.boot.logging.logback.LogbackLoggingSystem.loadConfiguration(LogbackLoggingSystem.java:179) ~[spring-boot-2.5.4.jar!/:2.5.4]
	at org.springframework.boot.logging.logback.LogbackLoggingSystem.reinitialize(LogbackLoggingSystem.java:232) ~[spring-boot-2.5.4.jar!/:2.5.4]
	at org.springframework.boot.logging.AbstractLoggingSystem.initializeWithConventions(AbstractLoggingSystem.java:73) ~[spring-boot-2.5.4.jar!/:2.5.4]
	at org.springframework.boot.logging.AbstractLoggingSystem.initialize(AbstractLoggingSystem.java:60) ~[spring-boot-2.5.4.jar!/:2.5.4]
	at org.springframework.boot.logging.logback.LogbackLoggingSystem.initialize(LogbackLoggingSystem.java:132) ~[spring-boot-2.5.4.jar!/:2.5.4]
	at org.springframework.boot.context.logging.LoggingApplicationListener.initializeSystem(LoggingApplicationListener.java:313) ~[spring-boot-2.5.4.jar!/:2.5.4]
	... 26 common frames omitted
2021-12-29 15:17:56,726 ERROR [main] o.s.b.SpringApplication [SpringApplication.java:843] Application run failed
java.lang.IllegalStateException: java.lang.IllegalStateException: Logback configuration error detected: 
ERROR in ch.qos.logback.core.joran.action.AppenderRefAction - Could not find an appender named [ConsoleLoggingAppender]. Did you define it below instead of above in the configuration file?
ERROR in ch.qos.logback.core.joran.action.AppenderRefAction - See http://logback.qos.ch/codes.html#appender_order for more details.
ERROR in ch.qos.logback.core.joran.action.AppenderRefAction - Could not find an appender named [ConsoleLoggingAppender]. Did you define it below instead of above in the configuration file?
ERROR in ch.qos.logback.core.joran.action.AppenderRefAction - See http://logback.qos.ch/codes.html#appender_order for more details.
ERROR in ch.qos.logback.core.joran.action.AppenderRefAction - Could not find an appender named [ConsoleLoggingAppender]. Did you define it below instead of above in the configuration file?
ERROR in ch.qos.logback.core.joran.action.AppenderRefAction - See http://logback.qos.ch/codes.html#appender_order for more details.
	at org.springframework.boot.context.logging.LoggingApplicationListener.initializeSystem(LoggingApplicationListener.java:328) ~[spring-boot-2.5.4.jar!/:2.5.4]
	at org.springframework.boot.context.logging.LoggingApplicationListener.initialize(LoggingApplicationListener.java:282) ~[spring-boot-2.5.4.jar!/:2.5.4]
	at org.springframework.boot.context.logging.LoggingApplicationListener.onApplicationEnvironmentPreparedEvent(LoggingApplicationListener.java:240) ~[spring-boot-2.5.4.jar!/:2.5.4]
	at org.springframework.boot.context.logging.LoggingApplicationListener.onApplicationEvent(LoggingApplicationListener.java:216) ~[spring-boot-2.5.4.jar!/:2.5.4]
	at org.springframework.context.event.SimpleApplicationEventMulticaster.doInvokeListener(SimpleApplicationEventMulticaster.java:176) ~[spring-context-5.3.9.jar!/:5.3.9]
	at org.springframework.context.event.SimpleApplicationEventMulticaster.invokeListener(SimpleApplicationEventMulticaster.java:169) ~[spring-context-5.3.9.jar!/:5.3.9]
	at org.springframework.context.event.SimpleApplicationEventMulticaster.multicastEvent(SimpleApplicationEventMulticaster.java:143) ~[spring-context-5.3.9.jar!/:5.3.9]
	at org.springframework.context.event.SimpleApplicationEventMulticaster.multicastEvent(SimpleApplicationEventMulticaster.java:131) ~[spring-context-5.3.9.jar!/:5.3.9]
	at org.springframework.boot.context.event.EventPublishingRunListener.environmentPrepared(EventPublishingRunListener.java:82) ~[spring-boot-2.5.4.jar!/:2.5.4]
	at org.springframework.boot.SpringApplicationRunListeners.lambda$environmentPrepared$2(SpringApplicationRunListeners.java:63) ~[spring-boot-2.5.4.jar!/:2.5.4]
	at java.base/java.util.ArrayList.forEach(ArrayList.java:1541) ~[na:na]
	at org.springframework.boot.SpringApplicationRunListeners.doWithListeners(SpringApplicationRunListeners.java:117) ~[spring-boot-2.5.4.jar!/:2.5.4]
	at org.springframework.boot.SpringApplicationRunListeners.doWithListeners(SpringApplicationRunListeners.java:111) ~[spring-boot-2.5.4.jar!/:2.5.4]
	at org.springframework.boot.SpringApplicationRunListeners.environmentPrepared(SpringApplicationRunListeners.java:62) ~[spring-boot-2.5.4.jar!/:2.5.4]
	at org.springframework.boot.SpringApplication.prepareEnvironment(SpringApplication.java:374) ~[spring-boot-2.5.4.jar!/:2.5.4]
	at org.springframework.boot.SpringApplication.run(SpringApplication.java:332) ~[spring-boot-2.5.4.jar!/:2.5.4]
	at org.springframework.boot.SpringApplication.run(SpringApplication.java:1343) ~[spring-boot-2.5.4.jar!/:2.5.4]
	at org.springframework.boot.SpringApplication.run(SpringApplication.java:1332) ~[spring-boot-2.5.4.jar!/:2.5.4]
	at org.eclipse.dirigible.services.spring.boot.picocli.DirigibleCLIApplication.main(DirigibleCLIApplication.java:28) ~[classes!/:na]
	at java.base/jdk.internal.reflect.NativeMethodAccessorImpl.invoke0(Native Method) ~[na:na]
	at java.base/jdk.internal.reflect.NativeMethodAccessorImpl.invoke(NativeMethodAccessorImpl.java:62) ~[na:na]
	at java.base/jdk.internal.reflect.DelegatingMethodAccessorImpl.invoke(DelegatingMethodAccessorImpl.java:43) ~[na:na]
	at java.base/java.lang.reflect.Method.invoke(Method.java:566) ~[na:na]
	at org.springframework.boot.loader.MainMethodRunner.run(MainMethodRunner.java:49) ~[dirigible-server-picocli-7.0.0-SNAPSHOT.jar:na]
	at org.springframework.boot.loader.Launcher.launch(Launcher.java:108) ~[dirigible-server-picocli-7.0.0-SNAPSHOT.jar:na]
	at org.springframework.boot.loader.Launcher.launch(Launcher.java:58) ~[dirigible-server-picocli-7.0.0-SNAPSHOT.jar:na]
	at org.springframework.boot.loader.JarLauncher.main(JarLauncher.java:88) ~[dirigible-server-picocli-7.0.0-SNAPSHOT.jar:na]
Caused by: java.lang.IllegalStateException: Logback configuration error detected: 
ERROR in ch.qos.logback.core.joran.action.AppenderRefAction - Could not find an appender named [ConsoleLoggingAppender]. Did you define it below instead of above in the configuration file?
ERROR in ch.qos.logback.core.joran.action.AppenderRefAction - See http://logback.qos.ch/codes.html#appender_order for more details.
ERROR in ch.qos.logback.core.joran.action.AppenderRefAction - Could not find an appender named [ConsoleLoggingAppender]. Did you define it below instead of above in the configuration file?
ERROR in ch.qos.logback.core.joran.action.AppenderRefAction - See http://logback.qos.ch/codes.html#appender_order for more details.
ERROR in ch.qos.logback.core.joran.action.AppenderRefAction - Could not find an appender named [ConsoleLoggingAppender]. Did you define it below instead of above in the configuration file?
ERROR in ch.qos.logback.core.joran.action.AppenderRefAction - See http://logback.qos.ch/codes.html#appender_order for more details.
	at org.springframework.boot.logging.logback.LogbackLoggingSystem.loadConfiguration(LogbackLoggingSystem.java:179) ~[spring-boot-2.5.4.jar!/:2.5.4]
	at org.springframework.boot.logging.logback.LogbackLoggingSystem.reinitialize(LogbackLoggingSystem.java:232) ~[spring-boot-2.5.4.jar!/:2.5.4]
	at org.springframework.boot.logging.AbstractLoggingSystem.initializeWithConventions(AbstractLoggingSystem.java:73) ~[spring-boot-2.5.4.jar!/:2.5.4]
	at org.springframework.boot.logging.AbstractLoggingSystem.initialize(AbstractLoggingSystem.java:60) ~[spring-boot-2.5.4.jar!/:2.5.4]
	at org.springframework.boot.logging.logback.LogbackLoggingSystem.initialize(LogbackLoggingSystem.java:132) ~[spring-boot-2.5.4.jar!/:2.5.4]
	at org.springframework.boot.context.logging.LoggingApplicationListener.initializeSystem(LoggingApplicationListener.java:313) ~[spring-boot-2.5.4.jar!/:2.5.4]
	... 26 common frames omitted
2021-12-29 15:19:08,472 INFO [main] o.q.i.StdSchedulerFactory [StdSchedulerFactory.java:1220] Using default implementation for ThreadExecutor
2021-12-29 15:19:08,489 INFO [main] o.q.c.SchedulerSignalerImpl [SchedulerSignalerImpl.java:61] Initialized Scheduler Signaller of type: class org.quartz.core.SchedulerSignalerImpl
2021-12-29 15:19:08,490 INFO [main] o.q.c.QuartzScheduler [QuartzScheduler.java:229] Quartz Scheduler v.2.3.2 created.
2021-12-29 15:19:08,493 INFO [main] o.q.c.QuartzScheduler [QuartzScheduler.java:294] Scheduler meta-data: Quartz Scheduler (v2.3.2) 'DirigibleClusteredScheduler' with instanceId 'C02G50SZMD6T1640783948477'
  Scheduler class: 'org.quartz.core.QuartzScheduler' - running locally.
  NOT STARTED.
  Currently in standby mode.
  Number of jobs executed: 0
  Using thread pool 'org.quartz.simpl.SimpleThreadPool' - with 10 threads.
  Using job-store 'org.eclipse.dirigible.core.scheduler.quartz.CustomJobStore' - which supports persistence. and is clustered.

2021-12-29 15:19:08,493 INFO [main] o.q.i.StdSchedulerFactory [StdSchedulerFactory.java:1374] Quartz scheduler 'DirigibleClusteredScheduler' initialized from an externally provided properties instance.
2021-12-29 15:19:08,493 INFO [main] o.q.i.StdSchedulerFactory [StdSchedulerFactory.java:1378] Quartz scheduler version: 2.3.2
2021-12-29 15:19:08,710 INFO [main] o.q.c.QuartzScheduler [QuartzScheduler.java:547] Scheduler DirigibleClusteredScheduler_$_C02G50SZMD6T1640783948477 started.
2021-12-29 15:19:08,870 INFO [main] o.a.a.b.BrokerService [BrokerService.java:289] Loaded the Bouncy Castle security provider at position: 14
2021-12-29 15:19:08,934 INFO [main] o.a.a.b.BrokerService [BrokerService.java:691] Using Persistence Adapter: JDBCPersistenceAdapter(org.eclipse.dirigible.database.api.wrappers.WrappedDataSource@5f8890c2)
2021-12-29 15:19:08,938 INFO [main] o.a.a.s.j.JDBCPersistenceAdapter [JDBCPersistenceAdapter.java:472] Database adapter driver override not found for : [h2_jdbc_driver].  Will use default implementation.
2021-12-29 15:19:08,966 INFO [main] o.a.a.s.j.JDBCPersistenceAdapter [JDBCPersistenceAdapter.java:472] Database lock driver override not found for : [h2_jdbc_driver].  Will use default implementation.
2021-12-29 15:19:08,968 INFO [main] o.a.a.s.j.DefaultDatabaseLocker [DefaultDatabaseLocker.java:46] Attempting to acquire the exclusive lock to become the Master broker
2021-12-29 15:19:08,968 INFO [main] o.a.a.s.j.DefaultDatabaseLocker [DefaultDatabaseLocker.java:118] Becoming the master on dataSource: org.eclipse.dirigible.database.api.wrappers.WrappedDataSource@5f8890c2
2021-12-29 15:19:08,971 INFO [main] o.a.a.s.k.p.PListStoreImpl [PListStoreImpl.java:371] PListStore:[/Users/i031512/SAPDevelop/GitHub/Dirigible/dirigible/releng/server-picocli/./target/temp/kahadb] started
2021-12-29 15:19:09,129 INFO [main] o.a.a.b.BrokerService [BrokerService.java:754] Apache ActiveMQ 5.16.0 (localhost, ID:C02G50SZMD6T-52854-1640783948993-0:1) is starting
2021-12-29 15:19:09,138 INFO [main] o.a.a.b.TransportConnector [TransportConnector.java:264] Connector vm://localhost started
2021-12-29 15:19:09,138 INFO [main] o.a.a.b.BrokerService [BrokerService.java:781] Apache ActiveMQ 5.16.0 (localhost, ID:C02G50SZMD6T-52854-1640783948993-0:1) started
2021-12-29 15:19:09,138 INFO [main] o.a.a.b.BrokerService [BrokerService.java:782] For help or more information please see: http://activemq.apache.org
2021-12-29 15:19:10,683 INFO [main] o.q.c.QuartzScheduler [QuartzScheduler.java:666] Scheduler DirigibleClusteredScheduler_$_C02G50SZMD6T1640783948477 shutting down.
2021-12-29 15:19:10,683 INFO [main] o.q.c.QuartzScheduler [QuartzScheduler.java:585] Scheduler DirigibleClusteredScheduler_$_C02G50SZMD6T1640783948477 paused.
2021-12-29 15:19:11,090 INFO [main] o.q.c.QuartzScheduler [QuartzScheduler.java:740] Scheduler DirigibleClusteredScheduler_$_C02G50SZMD6T1640783948477 shutdown complete.
2021-12-29 15:19:11,092 INFO [main] o.a.a.b.BrokerService [BrokerService.java:844] Apache ActiveMQ 5.16.0 (localhost, ID:C02G50SZMD6T-52854-1640783948993-0:1) is shutting down
2021-12-29 15:19:11,092 INFO [main] o.a.a.b.TransportConnector [TransportConnector.java:309] Connector vm://localhost stopped
2021-12-29 15:19:11,094 INFO [main] o.a.a.s.k.p.PListStoreImpl [PListStoreImpl.java:396] PListStore:[/Users/i031512/SAPDevelop/GitHub/Dirigible/dirigible/releng/server-picocli/./target/temp/kahadb] stopped
2021-12-29 15:19:11,109 INFO [main] o.a.a.b.BrokerService [BrokerService.java:904] Apache ActiveMQ 5.16.0 (localhost, ID:C02G50SZMD6T-52854-1640783948993-0:1) uptime 2.179 seconds
2021-12-29 15:19:11,109 INFO [main] o.a.a.b.BrokerService [BrokerService.java:906] Apache ActiveMQ 5.16.0 (localhost, ID:C02G50SZMD6T-52854-1640783948993-0:1) is shutdown
2021-12-29 15:19:55,508 INFO [main] o.q.i.StdSchedulerFactory [StdSchedulerFactory.java:1220] Using default implementation for ThreadExecutor
2021-12-29 15:19:55,527 INFO [main] o.q.c.SchedulerSignalerImpl [SchedulerSignalerImpl.java:61] Initialized Scheduler Signaller of type: class org.quartz.core.SchedulerSignalerImpl
2021-12-29 15:19:55,527 INFO [main] o.q.c.QuartzScheduler [QuartzScheduler.java:229] Quartz Scheduler v.2.3.2 created.
2021-12-29 15:19:55,531 INFO [main] o.q.c.QuartzScheduler [QuartzScheduler.java:294] Scheduler meta-data: Quartz Scheduler (v2.3.2) 'DirigibleClusteredScheduler' with instanceId 'C02G50SZMD6T1640783995514'
  Scheduler class: 'org.quartz.core.QuartzScheduler' - running locally.
  NOT STARTED.
  Currently in standby mode.
  Number of jobs executed: 0
  Using thread pool 'org.quartz.simpl.SimpleThreadPool' - with 10 threads.
  Using job-store 'org.eclipse.dirigible.core.scheduler.quartz.CustomJobStore' - which supports persistence. and is clustered.

2021-12-29 15:19:55,531 INFO [main] o.q.i.StdSchedulerFactory [StdSchedulerFactory.java:1374] Quartz scheduler 'DirigibleClusteredScheduler' initialized from an externally provided properties instance.
2021-12-29 15:19:55,531 INFO [main] o.q.i.StdSchedulerFactory [StdSchedulerFactory.java:1378] Quartz scheduler version: 2.3.2
2021-12-29 15:19:55,756 INFO [main] o.q.c.QuartzScheduler [QuartzScheduler.java:547] Scheduler DirigibleClusteredScheduler_$_C02G50SZMD6T1640783995514 started.
2021-12-29 15:19:55,966 INFO [main] o.a.a.b.BrokerService [BrokerService.java:289] Loaded the Bouncy Castle security provider at position: 14
2021-12-29 15:19:56,017 INFO [main] o.a.a.b.BrokerService [BrokerService.java:691] Using Persistence Adapter: JDBCPersistenceAdapter(org.eclipse.dirigible.database.api.wrappers.WrappedDataSource@6a9287b1)
2021-12-29 15:19:56,020 INFO [main] o.a.a.s.j.JDBCPersistenceAdapter [JDBCPersistenceAdapter.java:472] Database adapter driver override not found for : [h2_jdbc_driver].  Will use default implementation.
2021-12-29 15:19:56,048 INFO [main] o.a.a.s.j.JDBCPersistenceAdapter [JDBCPersistenceAdapter.java:472] Database lock driver override not found for : [h2_jdbc_driver].  Will use default implementation.
2021-12-29 15:19:56,050 INFO [main] o.a.a.s.j.DefaultDatabaseLocker [DefaultDatabaseLocker.java:46] Attempting to acquire the exclusive lock to become the Master broker
2021-12-29 15:19:56,050 INFO [main] o.a.a.s.j.DefaultDatabaseLocker [DefaultDatabaseLocker.java:118] Becoming the master on dataSource: org.eclipse.dirigible.database.api.wrappers.WrappedDataSource@6a9287b1
2021-12-29 15:19:56,052 INFO [main] o.a.a.s.k.p.PListStoreImpl [PListStoreImpl.java:371] PListStore:[/Users/i031512/SAPDevelop/GitHub/Dirigible/dirigible/releng/server-picocli/./target/temp/kahadb] started
2021-12-29 15:19:56,206 INFO [main] o.a.a.b.BrokerService [BrokerService.java:754] Apache ActiveMQ 5.16.0 (localhost, ID:C02G50SZMD6T-52869-1640783996075-0:1) is starting
2021-12-29 15:19:56,214 INFO [main] o.a.a.b.TransportConnector [TransportConnector.java:264] Connector vm://localhost started
2021-12-29 15:19:56,214 INFO [main] o.a.a.b.BrokerService [BrokerService.java:781] Apache ActiveMQ 5.16.0 (localhost, ID:C02G50SZMD6T-52869-1640783996075-0:1) started
2021-12-29 15:19:56,214 INFO [main] o.a.a.b.BrokerService [BrokerService.java:782] For help or more information please see: http://activemq.apache.org
2021-12-29 15:19:57,719 INFO [main] o.q.c.QuartzScheduler [QuartzScheduler.java:666] Scheduler DirigibleClusteredScheduler_$_C02G50SZMD6T1640783995514 shutting down.
2021-12-29 15:19:57,719 INFO [main] o.q.c.QuartzScheduler [QuartzScheduler.java:585] Scheduler DirigibleClusteredScheduler_$_C02G50SZMD6T1640783995514 paused.
2021-12-29 15:19:58,030 INFO [main] o.q.c.QuartzScheduler [QuartzScheduler.java:740] Scheduler DirigibleClusteredScheduler_$_C02G50SZMD6T1640783995514 shutdown complete.
2021-12-29 15:19:58,031 INFO [main] o.a.a.b.BrokerService [BrokerService.java:844] Apache ActiveMQ 5.16.0 (localhost, ID:C02G50SZMD6T-52869-1640783996075-0:1) is shutting down
2021-12-29 15:19:58,032 INFO [main] o.a.a.b.TransportConnector [TransportConnector.java:309] Connector vm://localhost stopped
2021-12-29 15:19:58,034 INFO [main] o.a.a.s.k.p.PListStoreImpl [PListStoreImpl.java:396] PListStore:[/Users/i031512/SAPDevelop/GitHub/Dirigible/dirigible/releng/server-picocli/./target/temp/kahadb] stopped
2021-12-29 15:19:58,051 INFO [main] o.a.a.b.BrokerService [BrokerService.java:904] Apache ActiveMQ 5.16.0 (localhost, ID:C02G50SZMD6T-52869-1640783996075-0:1) uptime 2.037 seconds
2021-12-29 15:19:58,052 INFO [main] o.a.a.b.BrokerService [BrokerService.java:906] Apache ActiveMQ 5.16.0 (localhost, ID:C02G50SZMD6T-52869-1640783996075-0:1) is shutdown
2021-12-29 15:22:24,243 INFO [main] o.q.i.StdSchedulerFactory [StdSchedulerFactory.java:1220] Using default implementation for ThreadExecutor
2021-12-29 15:22:24,262 INFO [main] o.q.c.SchedulerSignalerImpl [SchedulerSignalerImpl.java:61] Initialized Scheduler Signaller of type: class org.quartz.core.SchedulerSignalerImpl
2021-12-29 15:22:24,262 INFO [main] o.q.c.QuartzScheduler [QuartzScheduler.java:229] Quartz Scheduler v.2.3.2 created.
2021-12-29 15:22:24,266 INFO [main] o.q.c.QuartzScheduler [QuartzScheduler.java:294] Scheduler meta-data: Quartz Scheduler (v2.3.2) 'DirigibleClusteredScheduler' with instanceId 'C02G50SZMD6T1640784144249'
  Scheduler class: 'org.quartz.core.QuartzScheduler' - running locally.
  NOT STARTED.
  Currently in standby mode.
  Number of jobs executed: 0
  Using thread pool 'org.quartz.simpl.SimpleThreadPool' - with 10 threads.
  Using job-store 'org.eclipse.dirigible.core.scheduler.quartz.CustomJobStore' - which supports persistence. and is clustered.

2021-12-29 15:22:24,266 INFO [main] o.q.i.StdSchedulerFactory [StdSchedulerFactory.java:1374] Quartz scheduler 'DirigibleClusteredScheduler' initialized from an externally provided properties instance.
2021-12-29 15:22:24,266 INFO [main] o.q.i.StdSchedulerFactory [StdSchedulerFactory.java:1378] Quartz scheduler version: 2.3.2
2021-12-29 15:22:24,489 INFO [main] o.q.c.QuartzScheduler [QuartzScheduler.java:547] Scheduler DirigibleClusteredScheduler_$_C02G50SZMD6T1640784144249 started.
2021-12-29 15:22:24,672 INFO [main] o.a.a.b.BrokerService [BrokerService.java:289] Loaded the Bouncy Castle security provider at position: 14
2021-12-29 15:22:24,745 INFO [main] o.a.a.b.BrokerService [BrokerService.java:691] Using Persistence Adapter: JDBCPersistenceAdapter(org.eclipse.dirigible.database.api.wrappers.WrappedDataSource@7dcc91fd)
2021-12-29 15:22:24,749 INFO [main] o.a.a.s.j.JDBCPersistenceAdapter [JDBCPersistenceAdapter.java:472] Database adapter driver override not found for : [h2_jdbc_driver].  Will use default implementation.
2021-12-29 15:22:24,778 INFO [main] o.a.a.s.j.JDBCPersistenceAdapter [JDBCPersistenceAdapter.java:472] Database lock driver override not found for : [h2_jdbc_driver].  Will use default implementation.
2021-12-29 15:22:24,780 INFO [main] o.a.a.s.j.DefaultDatabaseLocker [DefaultDatabaseLocker.java:46] Attempting to acquire the exclusive lock to become the Master broker
2021-12-29 15:22:24,781 INFO [main] o.a.a.s.j.DefaultDatabaseLocker [DefaultDatabaseLocker.java:118] Becoming the master on dataSource: org.eclipse.dirigible.database.api.wrappers.WrappedDataSource@7dcc91fd
2021-12-29 15:22:24,784 INFO [main] o.a.a.s.k.p.PListStoreImpl [PListStoreImpl.java:371] PListStore:[/Users/i031512/SAPDevelop/GitHub/Dirigible/dirigible/releng/server-picocli/./target/temp/kahadb] started
2021-12-29 15:22:24,941 INFO [main] o.a.a.b.BrokerService [BrokerService.java:754] Apache ActiveMQ 5.16.0 (localhost, ID:C02G50SZMD6T-52919-1640784144808-0:1) is starting
2021-12-29 15:22:24,951 INFO [main] o.a.a.b.TransportConnector [TransportConnector.java:264] Connector vm://localhost started
2021-12-29 15:22:24,951 INFO [main] o.a.a.b.BrokerService [BrokerService.java:781] Apache ActiveMQ 5.16.0 (localhost, ID:C02G50SZMD6T-52919-1640784144808-0:1) started
2021-12-29 15:22:24,951 INFO [main] o.a.a.b.BrokerService [BrokerService.java:782] For help or more information please see: http://activemq.apache.org
2021-12-29 15:22:26,627 INFO [main] o.q.c.QuartzScheduler [QuartzScheduler.java:666] Scheduler DirigibleClusteredScheduler_$_C02G50SZMD6T1640784144249 shutting down.
2021-12-29 15:22:26,627 INFO [main] o.q.c.QuartzScheduler [QuartzScheduler.java:585] Scheduler DirigibleClusteredScheduler_$_C02G50SZMD6T1640784144249 paused.
2021-12-29 15:22:27,125 INFO [main] o.q.c.QuartzScheduler [QuartzScheduler.java:740] Scheduler DirigibleClusteredScheduler_$_C02G50SZMD6T1640784144249 shutdown complete.
2021-12-29 15:22:27,126 INFO [main] o.a.a.b.BrokerService [BrokerService.java:844] Apache ActiveMQ 5.16.0 (localhost, ID:C02G50SZMD6T-52919-1640784144808-0:1) is shutting down
2021-12-29 15:22:27,127 INFO [main] o.a.a.b.TransportConnector [TransportConnector.java:309] Connector vm://localhost stopped
2021-12-29 15:22:27,129 INFO [main] o.a.a.s.k.p.PListStoreImpl [PListStoreImpl.java:396] PListStore:[/Users/i031512/SAPDevelop/GitHub/Dirigible/dirigible/releng/server-picocli/./target/temp/kahadb] stopped
2021-12-29 15:22:27,144 INFO [main] o.a.a.b.BrokerService [BrokerService.java:904] Apache ActiveMQ 5.16.0 (localhost, ID:C02G50SZMD6T-52919-1640784144808-0:1) uptime 2.402 seconds
2021-12-29 15:22:27,144 INFO [main] o.a.a.b.BrokerService [BrokerService.java:906] Apache ActiveMQ 5.16.0 (localhost, ID:C02G50SZMD6T-52919-1640784144808-0:1) is shutdown
2021-12-29 15:23:11,747 INFO [main] o.q.i.StdSchedulerFactory [StdSchedulerFactory.java:1220] Using default implementation for ThreadExecutor
2021-12-29 15:23:11,765 INFO [main] o.q.c.SchedulerSignalerImpl [SchedulerSignalerImpl.java:61] Initialized Scheduler Signaller of type: class org.quartz.core.SchedulerSignalerImpl
2021-12-29 15:23:11,765 INFO [main] o.q.c.QuartzScheduler [QuartzScheduler.java:229] Quartz Scheduler v.2.3.2 created.
2021-12-29 15:23:11,768 INFO [main] o.q.c.QuartzScheduler [QuartzScheduler.java:294] Scheduler meta-data: Quartz Scheduler (v2.3.2) 'DirigibleClusteredScheduler' with instanceId 'C02G50SZMD6T1640784191753'
  Scheduler class: 'org.quartz.core.QuartzScheduler' - running locally.
  NOT STARTED.
  Currently in standby mode.
  Number of jobs executed: 0
  Using thread pool 'org.quartz.simpl.SimpleThreadPool' - with 10 threads.
  Using job-store 'org.eclipse.dirigible.core.scheduler.quartz.CustomJobStore' - which supports persistence. and is clustered.

2021-12-29 15:23:11,768 INFO [main] o.q.i.StdSchedulerFactory [StdSchedulerFactory.java:1374] Quartz scheduler 'DirigibleClusteredScheduler' initialized from an externally provided properties instance.
2021-12-29 15:23:11,768 INFO [main] o.q.i.StdSchedulerFactory [StdSchedulerFactory.java:1378] Quartz scheduler version: 2.3.2
2021-12-29 15:23:11,991 INFO [main] o.q.c.QuartzScheduler [QuartzScheduler.java:547] Scheduler DirigibleClusteredScheduler_$_C02G50SZMD6T1640784191753 started.
2021-12-29 15:23:12,178 INFO [main] o.a.a.b.BrokerService [BrokerService.java:289] Loaded the Bouncy Castle security provider at position: 14
2021-12-29 15:23:12,231 INFO [main] o.a.a.b.BrokerService [BrokerService.java:691] Using Persistence Adapter: JDBCPersistenceAdapter(org.eclipse.dirigible.database.api.wrappers.WrappedDataSource@6a9287b1)
2021-12-29 15:23:12,234 INFO [main] o.a.a.s.j.JDBCPersistenceAdapter [JDBCPersistenceAdapter.java:472] Database adapter driver override not found for : [h2_jdbc_driver].  Will use default implementation.
2021-12-29 15:23:12,262 INFO [main] o.a.a.s.j.JDBCPersistenceAdapter [JDBCPersistenceAdapter.java:472] Database lock driver override not found for : [h2_jdbc_driver].  Will use default implementation.
2021-12-29 15:23:12,264 INFO [main] o.a.a.s.j.DefaultDatabaseLocker [DefaultDatabaseLocker.java:46] Attempting to acquire the exclusive lock to become the Master broker
2021-12-29 15:23:12,264 INFO [main] o.a.a.s.j.DefaultDatabaseLocker [DefaultDatabaseLocker.java:118] Becoming the master on dataSource: org.eclipse.dirigible.database.api.wrappers.WrappedDataSource@6a9287b1
2021-12-29 15:23:12,267 INFO [main] o.a.a.s.k.p.PListStoreImpl [PListStoreImpl.java:371] PListStore:[/Users/i031512/SAPDevelop/GitHub/Dirigible/dirigible/releng/server-picocli/./target/temp/kahadb] started
2021-12-29 15:23:12,433 INFO [main] o.a.a.b.BrokerService [BrokerService.java:754] Apache ActiveMQ 5.16.0 (localhost, ID:C02G50SZMD6T-52939-1640784192296-0:1) is starting
2021-12-29 15:23:12,441 INFO [main] o.a.a.b.TransportConnector [TransportConnector.java:264] Connector vm://localhost started
2021-12-29 15:23:12,441 INFO [main] o.a.a.b.BrokerService [BrokerService.java:781] Apache ActiveMQ 5.16.0 (localhost, ID:C02G50SZMD6T-52939-1640784192296-0:1) started
2021-12-29 15:23:12,441 INFO [main] o.a.a.b.BrokerService [BrokerService.java:782] For help or more information please see: http://activemq.apache.org
2021-12-29 15:23:13,870 INFO [main] o.q.c.QuartzScheduler [QuartzScheduler.java:666] Scheduler DirigibleClusteredScheduler_$_C02G50SZMD6T1640784191753 shutting down.
2021-12-29 15:23:13,870 INFO [main] o.q.c.QuartzScheduler [QuartzScheduler.java:585] Scheduler DirigibleClusteredScheduler_$_C02G50SZMD6T1640784191753 paused.
2021-12-29 15:23:14,267 INFO [main] o.q.c.QuartzScheduler [QuartzScheduler.java:740] Scheduler DirigibleClusteredScheduler_$_C02G50SZMD6T1640784191753 shutdown complete.
2021-12-29 15:23:14,268 INFO [main] o.a.a.b.BrokerService [BrokerService.java:844] Apache ActiveMQ 5.16.0 (localhost, ID:C02G50SZMD6T-52939-1640784192296-0:1) is shutting down
2021-12-29 15:23:14,269 INFO [main] o.a.a.b.TransportConnector [TransportConnector.java:309] Connector vm://localhost stopped
2021-12-29 15:23:14,271 INFO [main] o.a.a.s.k.p.PListStoreImpl [PListStoreImpl.java:396] PListStore:[/Users/i031512/SAPDevelop/GitHub/Dirigible/dirigible/releng/server-picocli/./target/temp/kahadb] stopped
2021-12-29 15:23:14,286 INFO [main] o.a.a.b.BrokerService [BrokerService.java:904] Apache ActiveMQ 5.16.0 (localhost, ID:C02G50SZMD6T-52939-1640784192296-0:1) uptime 2.057 seconds
2021-12-29 15:23:14,286 INFO [main] o.a.a.b.BrokerService [BrokerService.java:906] Apache ActiveMQ 5.16.0 (localhost, ID:C02G50SZMD6T-52939-1640784192296-0:1) is shutdown
2021-12-29 15:24:44,083 INFO [main] o.q.i.StdSchedulerFactory [StdSchedulerFactory.java:1220] Using default implementation for ThreadExecutor
2021-12-29 15:24:44,099 INFO [main] o.q.c.SchedulerSignalerImpl [SchedulerSignalerImpl.java:61] Initialized Scheduler Signaller of type: class org.quartz.core.SchedulerSignalerImpl
2021-12-29 15:24:44,099 INFO [main] o.q.c.QuartzScheduler [QuartzScheduler.java:229] Quartz Scheduler v.2.3.2 created.
2021-12-29 15:24:44,103 INFO [main] o.q.c.QuartzScheduler [QuartzScheduler.java:294] Scheduler meta-data: Quartz Scheduler (v2.3.2) 'DirigibleClusteredScheduler' with instanceId 'C02G50SZMD6T1640784284088'
  Scheduler class: 'org.quartz.core.QuartzScheduler' - running locally.
  NOT STARTED.
  Currently in standby mode.
  Number of jobs executed: 0
  Using thread pool 'org.quartz.simpl.SimpleThreadPool' - with 10 threads.
  Using job-store 'org.eclipse.dirigible.core.scheduler.quartz.CustomJobStore' - which supports persistence. and is clustered.

2021-12-29 15:24:44,103 INFO [main] o.q.i.StdSchedulerFactory [StdSchedulerFactory.java:1374] Quartz scheduler 'DirigibleClusteredScheduler' initialized from an externally provided properties instance.
2021-12-29 15:24:44,103 INFO [main] o.q.i.StdSchedulerFactory [StdSchedulerFactory.java:1378] Quartz scheduler version: 2.3.2
2021-12-29 15:24:44,325 INFO [main] o.q.c.QuartzScheduler [QuartzScheduler.java:547] Scheduler DirigibleClusteredScheduler_$_C02G50SZMD6T1640784284088 started.
2021-12-29 15:24:44,486 INFO [main] o.a.a.b.BrokerService [BrokerService.java:289] Loaded the Bouncy Castle security provider at position: 14
2021-12-29 15:24:44,549 INFO [main] o.a.a.b.BrokerService [BrokerService.java:691] Using Persistence Adapter: JDBCPersistenceAdapter(org.eclipse.dirigible.database.api.wrappers.WrappedDataSource@5f8890c2)
2021-12-29 15:24:44,553 INFO [main] o.a.a.s.j.JDBCPersistenceAdapter [JDBCPersistenceAdapter.java:472] Database adapter driver override not found for : [h2_jdbc_driver].  Will use default implementation.
2021-12-29 15:24:44,583 INFO [main] o.a.a.s.j.JDBCPersistenceAdapter [JDBCPersistenceAdapter.java:472] Database lock driver override not found for : [h2_jdbc_driver].  Will use default implementation.
2021-12-29 15:24:44,584 INFO [main] o.a.a.s.j.DefaultDatabaseLocker [DefaultDatabaseLocker.java:46] Attempting to acquire the exclusive lock to become the Master broker
2021-12-29 15:24:44,585 INFO [main] o.a.a.s.j.DefaultDatabaseLocker [DefaultDatabaseLocker.java:118] Becoming the master on dataSource: org.eclipse.dirigible.database.api.wrappers.WrappedDataSource@5f8890c2
2021-12-29 15:24:44,589 INFO [main] o.a.a.s.k.p.PListStoreImpl [PListStoreImpl.java:371] PListStore:[/Users/i031512/SAPDevelop/GitHub/Dirigible/dirigible/releng/server-picocli/./target/temp/kahadb] started
2021-12-29 15:24:44,739 INFO [main] o.a.a.b.BrokerService [BrokerService.java:754] Apache ActiveMQ 5.16.0 (localhost, ID:C02G50SZMD6T-52966-1640784284612-0:1) is starting
2021-12-29 15:24:44,747 INFO [main] o.a.a.b.TransportConnector [TransportConnector.java:264] Connector vm://localhost started
2021-12-29 15:24:44,748 INFO [main] o.a.a.b.BrokerService [BrokerService.java:781] Apache ActiveMQ 5.16.0 (localhost, ID:C02G50SZMD6T-52966-1640784284612-0:1) started
2021-12-29 15:24:44,748 INFO [main] o.a.a.b.BrokerService [BrokerService.java:782] For help or more information please see: http://activemq.apache.org
2021-12-29 15:24:46,391 INFO [main] o.q.c.QuartzScheduler [QuartzScheduler.java:666] Scheduler DirigibleClusteredScheduler_$_C02G50SZMD6T1640784284088 shutting down.
2021-12-29 15:24:46,391 INFO [main] o.q.c.QuartzScheduler [QuartzScheduler.java:585] Scheduler DirigibleClusteredScheduler_$_C02G50SZMD6T1640784284088 paused.
2021-12-29 15:24:46,714 INFO [main] o.q.c.QuartzScheduler [QuartzScheduler.java:740] Scheduler DirigibleClusteredScheduler_$_C02G50SZMD6T1640784284088 shutdown complete.
2021-12-29 15:24:46,715 INFO [main] o.a.a.b.BrokerService [BrokerService.java:844] Apache ActiveMQ 5.16.0 (localhost, ID:C02G50SZMD6T-52966-1640784284612-0:1) is shutting down
2021-12-29 15:24:46,716 INFO [main] o.a.a.b.TransportConnector [TransportConnector.java:309] Connector vm://localhost stopped
2021-12-29 15:24:46,718 INFO [main] o.a.a.s.k.p.PListStoreImpl [PListStoreImpl.java:396] PListStore:[/Users/i031512/SAPDevelop/GitHub/Dirigible/dirigible/releng/server-picocli/./target/temp/kahadb] stopped
2021-12-29 15:24:46,733 INFO [main] o.a.a.b.BrokerService [BrokerService.java:904] Apache ActiveMQ 5.16.0 (localhost, ID:C02G50SZMD6T-52966-1640784284612-0:1) uptime 2.189 seconds
2021-12-29 15:24:46,733 INFO [main] o.a.a.b.BrokerService [BrokerService.java:906] Apache ActiveMQ 5.16.0 (localhost, ID:C02G50SZMD6T-52966-1640784284612-0:1) is shutdown
