2019-11-19 19:35:00,829 TRACE [http-nio-8080-exec-4] a.h.r.controller [LogFacade.java:123] Before serving request for Resource[bootstrap.min.css], Method[GET], Content-Type[[]], Accept[["text/css","*/*"]]
2019-11-19 19:35:00,832 TRACE [http-nio-8080-exec-4] a.h.r.controller [LogFacade.java:123] Serving request for Resource[bootstrap.min.css], Method[GET], Content-Type[[]], Accept[["text/css","*/*"]]
2019-11-19 19:35:01,054 TRACE [http-nio-8080-exec-4] a.h.r.controller [LogFacade.java:123] Serving request for Resource[bootstrap.min.css], Method[GET], Content-Type[[]], Accept[["text/css","*/*"]] finished
2019-11-19 19:35:10,171 TRACE [http-nio-8080-exec-9] a.h.r.controller [LogFacade.java:123] Before serving request for Resource[bootstrap.min.css], Method[GET], Content-Type[[]], Accept[["text/css","*/*"]]
2019-11-19 19:35:10,174 TRACE [http-nio-8080-exec-9] a.h.r.controller [LogFacade.java:123] Serving request for Resource[bootstrap.min.css], Method[GET], Content-Type[[]], Accept[["text/css","*/*"]]
2019-11-19 19:35:10,175 TRACE [http-nio-8080-exec-9] a.h.r.controller [LogFacade.java:123] Serving request for Resource[bootstrap.min.css], Method[GET], Content-Type[[]], Accept[["text/css","*/*"]] finished
2019-11-19 19:35:10,175 TRACE [http-nio-8080-exec-2] a.h.r.controller [LogFacade.java:123] Before serving request for Resource[goldenlayout-theme.css], Method[GET], Content-Type[[]], Accept[["text/css","*/*"]]
2019-11-19 19:35:10,177 TRACE [http-nio-8080-exec-1] a.h.r.controller [LogFacade.java:123] Before serving request for Resource[ide.css], Method[GET], Content-Type[[]], Accept[["text/css","*/*"]]
2019-11-19 19:35:10,178 TRACE [http-nio-8080-exec-1] a.h.r.controller [LogFacade.java:123] Serving request for Resource[ide.css], Method[GET], Content-Type[[]], Accept[["text/css","*/*"]]
2019-11-19 19:35:10,181 TRACE [http-nio-8080-exec-2] a.h.r.controller [LogFacade.java:123] Serving request for Resource[goldenlayout-theme.css], Method[GET], Content-Type[[]], Accept[["text/css","*/*"]]
2019-11-19 19:35:10,202 TRACE [http-nio-8080-exec-2] a.h.r.controller [LogFacade.java:123] Serving request for Resource[goldenlayout-theme.css], Method[GET], Content-Type[[]], Accept[["text/css","*/*"]] finished
2019-11-19 19:35:10,207 TRACE [http-nio-8080-exec-1] a.h.r.controller [LogFacade.java:123] Serving request for Resource[ide.css], Method[GET], Content-Type[[]], Accept[["text/css","*/*"]] finished
2019-11-19 19:35:10,493 TRACE [http-nio-8080-exec-2] a.h.r.controller [LogFacade.java:123] Before serving request for Resource[themes], Method[GET], Content-Type[[]], Accept[["*/*"]]
2019-11-19 19:35:10,494 TRACE [http-nio-8080-exec-2] a.h.r.controller [LogFacade.java:123] Serving request for Resource[themes], Method[GET], Content-Type[[]], Accept[["*/*"]]
2019-11-19 19:35:10,502 TRACE [http-nio-8080-exec-2] a.h.r.controller [LogFacade.java:123] Serving request for Resource[themes], Method[GET], Content-Type[[]], Accept[["*/*"]] finished
2019-11-19 19:35:10,882 TRACE [http-nio-8080-exec-6] a.h.r.controller [LogFacade.java:123] Before serving request for Resource[bootstrap.min.css], Method[GET], Content-Type[[]], Accept[["text/css","*/*"]]
2019-11-19 19:35:10,883 TRACE [http-nio-8080-exec-6] a.h.r.controller [LogFacade.java:123] Serving request for Resource[bootstrap.min.css], Method[GET], Content-Type[[]], Accept[["text/css","*/*"]]
2019-11-19 19:35:10,884 TRACE [http-nio-8080-exec-6] a.h.r.controller [LogFacade.java:123] Serving request for Resource[bootstrap.min.css], Method[GET], Content-Type[[]], Accept[["text/css","*/*"]] finished
2019-11-19 19:35:10,879 TRACE [http-nio-8080-exec-4] a.h.r.controller [LogFacade.java:123] Before serving request for Resource[jstree.css], Method[GET], Content-Type[[]], Accept[["text/css","*/*"]]
2019-11-19 19:35:10,892 TRACE [http-nio-8080-exec-4] a.h.r.controller [LogFacade.java:123] Serving request for Resource[jstree.css], Method[GET], Content-Type[[]], Accept[["text/css","*/*"]]
2019-11-19 19:35:11,007 TRACE [http-nio-8080-exec-7] a.h.r.controller [LogFacade.java:123] Before serving request for Resource[orion.css], Method[GET], Content-Type[[]], Accept[["text/css","*/*"]]
2019-11-19 19:35:11,009 TRACE [http-nio-8080-exec-7] a.h.r.controller [LogFacade.java:123] Serving request for Resource[orion.css], Method[GET], Content-Type[[]], Accept[["text/css","*/*"]]
2019-11-19 19:35:11,014 TRACE [http-nio-8080-exec-8] a.h.r.controller [LogFacade.java:123] Before serving request for Resource[bootstrap.min.css], Method[GET], Content-Type[[]], Accept[["text/css","*/*"]]
2019-11-19 19:35:11,015 TRACE [http-nio-8080-exec-8] a.h.r.controller [LogFacade.java:123] Serving request for Resource[bootstrap.min.css], Method[GET], Content-Type[[]], Accept[["text/css","*/*"]]
2019-11-19 19:35:11,016 TRACE [http-nio-8080-exec-8] a.h.r.controller [LogFacade.java:123] Serving request for Resource[bootstrap.min.css], Method[GET], Content-Type[[]], Accept[["text/css","*/*"]] finished
2019-11-19 19:35:11,050 TRACE [http-nio-8080-exec-4] a.h.r.controller [LogFacade.java:123] Serving request for Resource[jstree.css], Method[GET], Content-Type[[]], Accept[["text/css","*/*"]] finished
2019-11-19 19:35:11,073 TRACE [http-nio-8080-exec-1] a.h.r.controller [LogFacade.java:123] Before serving request for Resource[ide.css], Method[GET], Content-Type[[]], Accept[["text/css","*/*"]]
2019-11-19 19:35:11,075 TRACE [http-nio-8080-exec-1] a.h.r.controller [LogFacade.java:123] Serving request for Resource[ide.css], Method[GET], Content-Type[[]], Accept[["text/css","*/*"]]
2019-11-19 19:35:11,076 TRACE [http-nio-8080-exec-1] a.h.r.controller [LogFacade.java:123] Serving request for Resource[ide.css], Method[GET], Content-Type[[]], Accept[["text/css","*/*"]] finished
2019-11-19 19:35:11,130 TRACE [http-nio-8080-exec-9] a.h.r.controller [LogFacade.java:123] Before serving request for Resource[bootstrap.min.css], Method[GET], Content-Type[[]], Accept[["text/css","*/*"]]
2019-11-19 19:35:11,131 TRACE [http-nio-8080-exec-9] a.h.r.controller [LogFacade.java:123] Serving request for Resource[bootstrap.min.css], Method[GET], Content-Type[[]], Accept[["text/css","*/*"]]
2019-11-19 19:35:11,132 TRACE [http-nio-8080-exec-9] a.h.r.controller [LogFacade.java:123] Serving request for Resource[bootstrap.min.css], Method[GET], Content-Type[[]], Accept[["text/css","*/*"]] finished
2019-11-19 19:35:11,147 TRACE [http-nio-8080-exec-2] a.h.r.controller [LogFacade.java:123] Before serving request for Resource[jstree.css], Method[GET], Content-Type[[]], Accept[["text/css","*/*"]]
2019-11-19 19:35:11,149 TRACE [http-nio-8080-exec-2] a.h.r.controller [LogFacade.java:123] Serving request for Resource[jstree.css], Method[GET], Content-Type[[]], Accept[["text/css","*/*"]]
2019-11-19 19:35:11,149 TRACE [http-nio-8080-exec-2] a.h.r.controller [LogFacade.java:123] Serving request for Resource[jstree.css], Method[GET], Content-Type[[]], Accept[["text/css","*/*"]] finished
2019-11-19 19:35:11,187 TRACE [http-nio-8080-exec-6] a.h.r.controller [LogFacade.java:123] Before serving request for Resource[ide.css], Method[GET], Content-Type[[]], Accept[["text/css","*/*"]]
2019-11-19 19:35:11,188 TRACE [http-nio-8080-exec-6] a.h.r.controller [LogFacade.java:123] Serving request for Resource[ide.css], Method[GET], Content-Type[[]], Accept[["text/css","*/*"]]
2019-11-19 19:35:11,189 TRACE [http-nio-8080-exec-6] a.h.r.controller [LogFacade.java:123] Serving request for Resource[ide.css], Method[GET], Content-Type[[]], Accept[["text/css","*/*"]] finished
2019-11-19 19:35:11,224 TRACE [http-nio-8080-exec-7] a.h.r.controller [LogFacade.java:123] Serving request for Resource[orion.css], Method[GET], Content-Type[[]], Accept[["text/css","*/*"]] finished
2019-11-19 19:35:11,226 TRACE [http-nio-8080-exec-3] a.h.r.controller [LogFacade.java:123] Before serving request for Resource[bootstrap.min.css], Method[GET], Content-Type[[]], Accept[["text/css","*/*"]]
2019-11-19 19:35:11,227 TRACE [http-nio-8080-exec-3] a.h.r.controller [LogFacade.java:123] Serving request for Resource[bootstrap.min.css], Method[GET], Content-Type[[]], Accept[["text/css","*/*"]]
2019-11-19 19:35:11,227 TRACE [http-nio-8080-exec-3] a.h.r.controller [LogFacade.java:123] Serving request for Resource[bootstrap.min.css], Method[GET], Content-Type[[]], Accept[["text/css","*/*"]] finished
2019-11-19 19:35:11,273 TRACE [http-nio-8080-exec-10] a.h.r.controller [LogFacade.java:123] Before serving request for Resource[ide.css], Method[GET], Content-Type[[]], Accept[["text/css","*/*"]]
2019-11-19 19:35:11,274 TRACE [http-nio-8080-exec-10] a.h.r.controller [LogFacade.java:123] Serving request for Resource[ide.css], Method[GET], Content-Type[[]], Accept[["text/css","*/*"]]
2019-11-19 19:35:11,275 TRACE [http-nio-8080-exec-10] a.h.r.controller [LogFacade.java:123] Serving request for Resource[ide.css], Method[GET], Content-Type[[]], Accept[["text/css","*/*"]] finished
2019-11-19 19:35:11,309 TRACE [http-nio-8080-exec-5] a.h.r.controller [LogFacade.java:123] Before serving request for Resource[orion.css], Method[GET], Content-Type[[]], Accept[["text/css","*/*"]]
2019-11-19 19:35:11,310 TRACE [http-nio-8080-exec-5] a.h.r.controller [LogFacade.java:123] Serving request for Resource[orion.css], Method[GET], Content-Type[[]], Accept[["text/css","*/*"]]
2019-11-19 19:35:11,312 TRACE [http-nio-8080-exec-5] a.h.r.controller [LogFacade.java:123] Serving request for Resource[orion.css], Method[GET], Content-Type[[]], Accept[["text/css","*/*"]] finished
2019-11-19 19:35:11,344 TRACE [http-nio-8080-exec-3] a.h.r.controller [LogFacade.java:123] Before serving request for Resource[bootstrap.min.css], Method[GET], Content-Type[[]], Accept[["text/css","*/*"]]
2019-11-19 19:35:11,345 TRACE [http-nio-8080-exec-3] a.h.r.controller [LogFacade.java:123] Serving request for Resource[bootstrap.min.css], Method[GET], Content-Type[[]], Accept[["text/css","*/*"]]
2019-11-19 19:35:11,347 TRACE [http-nio-8080-exec-3] a.h.r.controller [LogFacade.java:123] Serving request for Resource[bootstrap.min.css], Method[GET], Content-Type[[]], Accept[["text/css","*/*"]] finished
2019-11-19 19:35:11,371 TRACE [http-nio-8080-exec-4] a.h.r.controller [LogFacade.java:123] Before serving request for Resource[ide.css], Method[GET], Content-Type[[]], Accept[["text/css","*/*"]]
2019-11-19 19:35:11,372 TRACE [http-nio-8080-exec-4] a.h.r.controller [LogFacade.java:123] Serving request for Resource[ide.css], Method[GET], Content-Type[[]], Accept[["text/css","*/*"]]
2019-11-19 19:35:11,373 TRACE [http-nio-8080-exec-4] a.h.r.controller [LogFacade.java:123] Serving request for Resource[ide.css], Method[GET], Content-Type[[]], Accept[["text/css","*/*"]] finished
2019-11-19 19:35:11,412 TRACE [http-nio-8080-exec-1] a.h.r.controller [LogFacade.java:123] Before serving request for Resource[orion.css], Method[GET], Content-Type[[]], Accept[["text/css","*/*"]]
2019-11-19 19:35:11,413 TRACE [http-nio-8080-exec-1] a.h.r.controller [LogFacade.java:123] Serving request for Resource[orion.css], Method[GET], Content-Type[[]], Accept[["text/css","*/*"]]
2019-11-19 19:35:11,414 TRACE [http-nio-8080-exec-1] a.h.r.controller [LogFacade.java:123] Serving request for Resource[orion.css], Method[GET], Content-Type[[]], Accept[["text/css","*/*"]] finished
2019-11-19 19:35:11,458 TRACE [http-nio-8080-exec-3] a.h.r.controller [LogFacade.java:123] Before serving request for Resource[bootstrap.min.css], Method[GET], Content-Type[[]], Accept[["text/css","*/*"]]
2019-11-19 19:35:11,459 TRACE [http-nio-8080-exec-3] a.h.r.controller [LogFacade.java:123] Serving request for Resource[bootstrap.min.css], Method[GET], Content-Type[[]], Accept[["text/css","*/*"]]
2019-11-19 19:35:11,461 TRACE [http-nio-8080-exec-3] a.h.r.controller [LogFacade.java:123] Serving request for Resource[bootstrap.min.css], Method[GET], Content-Type[[]], Accept[["text/css","*/*"]] finished
2019-11-19 19:35:11,478 TRACE [http-nio-8080-exec-4] a.h.r.controller [LogFacade.java:123] Before serving request for Resource[ide.css], Method[GET], Content-Type[[]], Accept[["text/css","*/*"]]
2019-11-19 19:35:11,479 TRACE [http-nio-8080-exec-4] a.h.r.controller [LogFacade.java:123] Serving request for Resource[ide.css], Method[GET], Content-Type[[]], Accept[["text/css","*/*"]]
2019-11-19 19:35:11,480 TRACE [http-nio-8080-exec-4] a.h.r.controller [LogFacade.java:123] Serving request for Resource[ide.css], Method[GET], Content-Type[[]], Accept[["text/css","*/*"]] finished
2019-11-19 19:35:11,510 TRACE [http-nio-8080-exec-1] a.h.r.controller [LogFacade.java:123] Before serving request for Resource[orion.css], Method[GET], Content-Type[[]], Accept[["text/css","*/*"]]
2019-11-19 19:35:11,511 TRACE [http-nio-8080-exec-1] a.h.r.controller [LogFacade.java:123] Serving request for Resource[orion.css], Method[GET], Content-Type[[]], Accept[["text/css","*/*"]]
2019-11-19 19:35:11,512 TRACE [http-nio-8080-exec-1] a.h.r.controller [LogFacade.java:123] Serving request for Resource[orion.css], Method[GET], Content-Type[[]], Accept[["text/css","*/*"]] finished
2019-11-19 19:35:11,570 TRACE [http-nio-8080-exec-7] a.h.r.controller [LogFacade.java:123] Before serving request for Resource[ide.css], Method[GET], Content-Type[[]], Accept[["text/css","*/*"]]
2019-11-19 19:35:11,571 TRACE [http-nio-8080-exec-7] a.h.r.controller [LogFacade.java:123] Serving request for Resource[ide.css], Method[GET], Content-Type[[]], Accept[["text/css","*/*"]]
2019-11-19 19:35:11,571 TRACE [http-nio-8080-exec-3] a.h.r.controller [LogFacade.java:123] Before serving request for Resource[bootstrap.min.css], Method[GET], Content-Type[[]], Accept[["text/css","*/*"]]
2019-11-19 19:35:11,572 TRACE [http-nio-8080-exec-3] a.h.r.controller [LogFacade.java:123] Serving request for Resource[bootstrap.min.css], Method[GET], Content-Type[[]], Accept[["text/css","*/*"]]
2019-11-19 19:35:11,572 TRACE [http-nio-8080-exec-7] a.h.r.controller [LogFacade.java:123] Serving request for Resource[ide.css], Method[GET], Content-Type[[]], Accept[["text/css","*/*"]] finished
2019-11-19 19:35:11,573 TRACE [http-nio-8080-exec-3] a.h.r.controller [LogFacade.java:123] Serving request for Resource[bootstrap.min.css], Method[GET], Content-Type[[]], Accept[["text/css","*/*"]] finished
2019-11-19 19:35:11,658 TRACE [http-nio-8080-exec-8] a.h.r.controller [LogFacade.java:123] Before serving request for Resource[ide.css], Method[GET], Content-Type[[]], Accept[["text/css","*/*"]]
2019-11-19 19:35:11,659 TRACE [http-nio-8080-exec-8] a.h.r.controller [LogFacade.java:123] Serving request for Resource[ide.css], Method[GET], Content-Type[[]], Accept[["text/css","*/*"]]
2019-11-19 19:35:11,659 TRACE [http-nio-8080-exec-8] a.h.r.controller [LogFacade.java:123] Serving request for Resource[ide.css], Method[GET], Content-Type[[]], Accept[["text/css","*/*"]] finished
2019-11-19 19:35:12,046 TRACE [http-nio-8080-exec-10] a.h.r.controller [LogFacade.java:123] Before serving request for Resource[throbber.gif], Method[GET], Content-Type[[]], Accept[["image/webp","image/apng","image/*","*/*"]]
2019-11-19 19:35:12,047 TRACE [http-nio-8080-exec-10] a.h.r.controller [LogFacade.java:123] Serving request for Resource[throbber.gif], Method[GET], Content-Type[[]], Accept[["image/webp","image/apng","image/*","*/*"]]
2019-11-19 19:35:12,047 TRACE [http-nio-8080-exec-3] a.h.r.controller [LogFacade.java:123] Before serving request for Resource[32px.png], Method[GET], Content-Type[[]], Accept[["image/webp","image/apng","image/*","*/*"]]
2019-11-19 19:35:12,048 TRACE [http-nio-8080-exec-3] a.h.r.controller [LogFacade.java:123] Serving request for Resource[32px.png], Method[GET], Content-Type[[]], Accept[["image/webp","image/apng","image/*","*/*"]]
2019-11-19 19:35:12,062 TRACE [http-nio-8080-exec-10] a.h.r.controller [LogFacade.java:123] Serving request for Resource[throbber.gif], Method[GET], Content-Type[[]], Accept[["image/webp","image/apng","image/*","*/*"]] finished
2019-11-19 19:35:12,064 TRACE [http-nio-8080-exec-3] a.h.r.controller [LogFacade.java:123] Serving request for Resource[32px.png], Method[GET], Content-Type[[]], Accept[["image/webp","image/apng","image/*","*/*"]] finished
