2019-11-19 19:26:16,350 INFO [main] o.q.i.StdSchedulerFactory [StdSchedulerFactory.java:1208] Using default implementation for ThreadExecutor
2019-11-19 19:26:16,736 INFO [main] o.q.c.SchedulerSignalerImpl [SchedulerSignalerImpl.java:61] Initialized Scheduler Signaller of type: class org.quartz.core.SchedulerSignalerImpl
2019-11-19 19:26:16,737 INFO [main] o.q.c.QuartzScheduler [QuartzScheduler.java:229] Quartz Scheduler v.2.3.0 created.
2019-11-19 19:26:16,738 INFO [main] o.q.i.j.JobStoreTX [JobStoreSupport.java:672] Using db table-based data access locking (synchronization).
2019-11-19 19:26:16,741 INFO [main] o.q.i.j.JobStoreTX [JobStoreTX.java:59] JobStoreTX initialized.
2019-11-19 19:26:16,742 INFO [main] o.q.c.QuartzScheduler [QuartzScheduler.java:294] Scheduler meta-data: Quartz Scheduler (v2.3.0) 'DirigibleClusteredScheduler' with instanceId 'C02W62E0HTDF1574184376719'
  Scheduler class: 'org.quartz.core.QuartzScheduler' - running locally.
  NOT STARTED.
  Currently in standby mode.
  Number of jobs executed: 0
  Using thread pool 'org.quartz.simpl.SimpleThreadPool' - with 10 threads.
  Using job-store 'org.quartz.impl.jdbcjobstore.JobStoreTX' - which supports persistence. and is clustered.

2019-11-19 19:26:16,742 INFO [main] o.q.i.StdSchedulerFactory [StdSchedulerFactory.java:1362] Quartz scheduler 'DirigibleClusteredScheduler' initialized from an externally provided properties instance.
2019-11-19 19:26:16,742 INFO [main] o.q.i.StdSchedulerFactory [StdSchedulerFactory.java:1366] Quartz scheduler version: 2.3.0
2019-11-19 19:26:16,896 INFO [main] o.q.c.QuartzScheduler [QuartzScheduler.java:547] Scheduler DirigibleClusteredScheduler_$_C02W62E0HTDF1574184376719 started.
2019-11-19 19:26:17,169 INFO [main] o.a.a.b.BrokerService [BrokerService.java:280] Loaded the Bouncy Castle security provider.
2019-11-19 19:26:17,275 INFO [main] o.a.a.b.BrokerService [BrokerService.java:671] Using Persistence Adapter: JDBCPersistenceAdapter(org.eclipse.dirigible.database.api.wrappers.WrappedDataSource@345aed71)
2019-11-19 19:26:17,280 INFO [main] o.a.a.s.j.JDBCPersistenceAdapter [JDBCPersistenceAdapter.java:458] Database adapter driver override not found for : [h2_jdbc_driver].  Will use default implementation.
2019-11-19 19:26:17,306 INFO [main] o.a.a.s.j.JDBCPersistenceAdapter [JDBCPersistenceAdapter.java:458] Database lock driver override not found for : [h2_jdbc_driver].  Will use default implementation.
2019-11-19 19:26:17,309 INFO [main] o.a.a.s.j.DefaultDatabaseLocker [DefaultDatabaseLocker.java:46] Attempting to acquire the exclusive lock to become the Master broker
2019-11-19 19:26:17,309 INFO [main] o.a.a.s.j.DefaultDatabaseLocker [DefaultDatabaseLocker.java:118] Becoming the master on dataSource: org.eclipse.dirigible.database.api.wrappers.WrappedDataSource@345aed71
2019-11-19 19:26:17,314 INFO [main] o.a.a.s.k.p.PListStoreImpl [PListStoreImpl.java:371] PListStore:[/Users/i031512/data/github/dirigible/dirigible3/releng/desktop-all/target/./target/temp/kahadb] started
2019-11-19 19:26:17,512 INFO [main] o.a.a.b.BrokerService [BrokerService.java:734] Apache ActiveMQ 5.14.5 (localhost, ID:C02W62E0HTDF-58266-1574184377354-0:1) is starting
2019-11-19 19:26:17,522 INFO [main] o.a.a.b.TransportConnector [TransportConnector.java:263] Connector vm://localhost started
2019-11-19 19:26:17,524 INFO [main] o.a.a.b.BrokerService [BrokerService.java:761] Apache ActiveMQ 5.14.5 (localhost, ID:C02W62E0HTDF-58266-1574184377354-0:1) started
2019-11-19 19:26:17,524 INFO [main] o.a.a.b.BrokerService [BrokerService.java:762] For help or more information please see: http://activemq.apache.org
2019-11-19 19:26:17,818 WARN [main] o.a.c.j.u.ResourceUtils [ResourceUtils.java:485] No resource methods have been found for resource class org.apache.cxf.interceptor.security.SecureAnnotationsInterceptor
2019-11-19 19:26:17,903 INFO [main] o.a.c.e.ServerImpl [ServerImpl.java:85] Setting the server's publish address to be /
2019-11-19 19:26:18,142 INFO [main] o.r.Reflections [Reflections.java:229] Reflections took 126 ms to scan 70 urls, producing 837 keys and 1402 values 
2019-11-19 19:28:37,196 INFO [ActiveMQ ShutdownHook] o.a.a.b.BrokerService [BrokerService.java:808] Apache ActiveMQ 5.14.5 (localhost, ID:C02W62E0HTDF-58266-1574184377354-0:1) is shutting down
2019-11-19 19:28:50,623 INFO [main] o.q.i.StdSchedulerFactory [StdSchedulerFactory.java:1208] Using default implementation for ThreadExecutor
2019-11-19 19:28:50,824 INFO [main] o.q.c.SchedulerSignalerImpl [SchedulerSignalerImpl.java:61] Initialized Scheduler Signaller of type: class org.quartz.core.SchedulerSignalerImpl
2019-11-19 19:28:50,824 INFO [main] o.q.c.QuartzScheduler [QuartzScheduler.java:229] Quartz Scheduler v.2.3.0 created.
2019-11-19 19:28:50,826 INFO [main] o.q.i.j.JobStoreTX [JobStoreSupport.java:672] Using db table-based data access locking (synchronization).
2019-11-19 19:28:50,829 INFO [main] o.q.i.j.JobStoreTX [JobStoreTX.java:59] JobStoreTX initialized.
2019-11-19 19:28:50,830 INFO [main] o.q.c.QuartzScheduler [QuartzScheduler.java:294] Scheduler meta-data: Quartz Scheduler (v2.3.0) 'DirigibleClusteredScheduler' with instanceId 'C02W62E0HTDF1574184530806'
  Scheduler class: 'org.quartz.core.QuartzScheduler' - running locally.
  NOT STARTED.
  Currently in standby mode.
  Number of jobs executed: 0
  Using thread pool 'org.quartz.simpl.SimpleThreadPool' - with 10 threads.
  Using job-store 'org.quartz.impl.jdbcjobstore.JobStoreTX' - which supports persistence. and is clustered.

2019-11-19 19:28:50,830 INFO [main] o.q.i.StdSchedulerFactory [StdSchedulerFactory.java:1362] Quartz scheduler 'DirigibleClusteredScheduler' initialized from an externally provided properties instance.
2019-11-19 19:28:50,830 INFO [main] o.q.i.StdSchedulerFactory [StdSchedulerFactory.java:1366] Quartz scheduler version: 2.3.0
2019-11-19 19:28:50,944 INFO [main] o.q.c.QuartzScheduler [QuartzScheduler.java:547] Scheduler DirigibleClusteredScheduler_$_C02W62E0HTDF1574184530806 started.
2019-11-19 19:28:51,393 INFO [main] o.a.a.b.BrokerService [BrokerService.java:280] Loaded the Bouncy Castle security provider.
2019-11-19 19:28:51,498 INFO [main] o.a.a.b.BrokerService [BrokerService.java:671] Using Persistence Adapter: JDBCPersistenceAdapter(org.eclipse.dirigible.database.api.wrappers.WrappedDataSource@11e05c4d)
2019-11-19 19:28:51,502 INFO [main] o.a.a.s.j.JDBCPersistenceAdapter [JDBCPersistenceAdapter.java:458] Database adapter driver override not found for : [h2_jdbc_driver].  Will use default implementation.
2019-11-19 19:28:51,525 INFO [main] o.a.a.s.j.JDBCPersistenceAdapter [JDBCPersistenceAdapter.java:458] Database lock driver override not found for : [h2_jdbc_driver].  Will use default implementation.
2019-11-19 19:28:51,528 INFO [main] o.a.a.s.j.DefaultDatabaseLocker [DefaultDatabaseLocker.java:46] Attempting to acquire the exclusive lock to become the Master broker
2019-11-19 19:28:51,528 INFO [main] o.a.a.s.j.DefaultDatabaseLocker [DefaultDatabaseLocker.java:118] Becoming the master on dataSource: org.eclipse.dirigible.database.api.wrappers.WrappedDataSource@11e05c4d
2019-11-19 19:28:51,531 INFO [main] o.a.a.s.k.p.PListStoreImpl [PListStoreImpl.java:371] PListStore:[/Users/i031512/data/github/dirigible/dirigible3/releng/desktop-all/target/./target/temp/kahadb] started
2019-11-19 19:28:51,719 INFO [main] o.a.a.b.BrokerService [BrokerService.java:734] Apache ActiveMQ 5.14.5 (localhost, ID:C02W62E0HTDF-58345-1574184531564-0:1) is starting
2019-11-19 19:28:51,729 INFO [main] o.a.a.b.TransportConnector [TransportConnector.java:263] Connector vm://localhost started
2019-11-19 19:28:51,731 INFO [main] o.a.a.b.BrokerService [BrokerService.java:761] Apache ActiveMQ 5.14.5 (localhost, ID:C02W62E0HTDF-58345-1574184531564-0:1) started
2019-11-19 19:28:51,731 INFO [main] o.a.a.b.BrokerService [BrokerService.java:762] For help or more information please see: http://activemq.apache.org
2019-11-19 19:28:52,035 WARN [main] o.a.c.j.u.ResourceUtils [ResourceUtils.java:485] No resource methods have been found for resource class org.apache.cxf.interceptor.security.SecureAnnotationsInterceptor
2019-11-19 19:28:52,107 INFO [main] o.a.c.e.ServerImpl [ServerImpl.java:85] Setting the server's publish address to be /
2019-11-19 19:28:52,357 INFO [main] o.r.Reflections [Reflections.java:229] Reflections took 134 ms to scan 70 urls, producing 837 keys and 1402 values 
2019-11-19 19:29:10,943 INFO [QuartzScheduler_DirigibleClusteredScheduler-C02W62E0HTDF1574184530806_ClusterManager] o.q.i.j.JobStoreTX [JobStoreSupport.java:3629] ClusterManager: detected 1 failed or restarted instances.
2019-11-19 19:29:10,944 INFO [QuartzScheduler_DirigibleClusteredScheduler-C02W62E0HTDF1574184530806_ClusterManager] o.q.i.j.JobStoreTX [JobStoreSupport.java:3488] ClusterManager: Scanning for instance "C02W62E0HTDF1574184376719"'s failed in-progress jobs.
2019-11-19 19:29:10,947 INFO [QuartzScheduler_DirigibleClusteredScheduler-C02W62E0HTDF1574184530806_ClusterManager] o.q.i.j.JobStoreTX [JobStoreSupport.java:3629] ClusterManager: ......Freed 1 acquired trigger(s).
2019-11-19 19:30:24,334 INFO [ActiveMQ ShutdownHook] o.a.a.b.BrokerService [BrokerService.java:808] Apache ActiveMQ 5.14.5 (localhost, ID:C02W62E0HTDF-58345-1574184531564-0:1) is shutting down
2019-11-19 19:34:22,593 INFO [localhost-startStop-1] o.q.i.StdSchedulerFactory [StdSchedulerFactory.java:1208] Using default implementation for ThreadExecutor
2019-11-19 19:34:22,797 INFO [localhost-startStop-1] o.q.c.SchedulerSignalerImpl [SchedulerSignalerImpl.java:61] Initialized Scheduler Signaller of type: class org.quartz.core.SchedulerSignalerImpl
2019-11-19 19:34:22,798 INFO [localhost-startStop-1] o.q.c.QuartzScheduler [QuartzScheduler.java:229] Quartz Scheduler v.2.3.0 created.
2019-11-19 19:34:22,799 INFO [localhost-startStop-1] o.q.i.j.JobStoreTX [JobStoreSupport.java:672] Using db table-based data access locking (synchronization).
2019-11-19 19:34:22,802 INFO [localhost-startStop-1] o.q.i.j.JobStoreTX [JobStoreTX.java:59] JobStoreTX initialized.
2019-11-19 19:34:22,803 INFO [localhost-startStop-1] o.q.c.QuartzScheduler [QuartzScheduler.java:294] Scheduler meta-data: Quartz Scheduler (v2.3.0) 'DirigibleClusteredScheduler' with instanceId 'C02W62E0HTDF1574184862780'
  Scheduler class: 'org.quartz.core.QuartzScheduler' - running locally.
  NOT STARTED.
  Currently in standby mode.
  Number of jobs executed: 0
  Using thread pool 'org.quartz.simpl.SimpleThreadPool' - with 10 threads.
  Using job-store 'org.quartz.impl.jdbcjobstore.JobStoreTX' - which supports persistence. and is clustered.

2019-11-19 19:34:22,803 INFO [localhost-startStop-1] o.q.i.StdSchedulerFactory [StdSchedulerFactory.java:1362] Quartz scheduler 'DirigibleClusteredScheduler' initialized from an externally provided properties instance.
2019-11-19 19:34:22,803 INFO [localhost-startStop-1] o.q.i.StdSchedulerFactory [StdSchedulerFactory.java:1366] Quartz scheduler version: 2.3.0
2019-11-19 19:34:22,966 INFO [localhost-startStop-1] o.q.c.QuartzScheduler [QuartzScheduler.java:547] Scheduler DirigibleClusteredScheduler_$_C02W62E0HTDF1574184862780 started.
2019-11-19 19:34:23,232 INFO [localhost-startStop-1] o.a.a.b.BrokerService [BrokerService.java:280] Loaded the Bouncy Castle security provider.
2019-11-19 19:34:23,348 INFO [localhost-startStop-1] o.a.a.b.BrokerService [BrokerService.java:671] Using Persistence Adapter: JDBCPersistenceAdapter(org.eclipse.dirigible.database.api.wrappers.WrappedDataSource@348958d4)
2019-11-19 19:34:23,353 INFO [localhost-startStop-1] o.a.a.s.j.JDBCPersistenceAdapter [JDBCPersistenceAdapter.java:458] Database adapter driver override not found for : [h2_jdbc_driver].  Will use default implementation.
2019-11-19 19:34:23,386 INFO [localhost-startStop-1] o.a.a.s.j.JDBCPersistenceAdapter [JDBCPersistenceAdapter.java:458] Database lock driver override not found for : [h2_jdbc_driver].  Will use default implementation.
2019-11-19 19:34:23,390 INFO [localhost-startStop-1] o.a.a.s.j.DefaultDatabaseLocker [DefaultDatabaseLocker.java:46] Attempting to acquire the exclusive lock to become the Master broker
2019-11-19 19:34:23,391 INFO [localhost-startStop-1] o.a.a.s.j.DefaultDatabaseLocker [DefaultDatabaseLocker.java:118] Becoming the master on dataSource: org.eclipse.dirigible.database.api.wrappers.WrappedDataSource@348958d4
2019-11-19 19:34:23,395 INFO [localhost-startStop-1] o.a.a.s.k.p.PListStoreImpl [PListStoreImpl.java:371] PListStore:[/Users/i031512/data/github/dirigible/dirigible3/releng/desktop-all/target/./target/temp/kahadb] started
2019-11-19 19:34:23,597 INFO [localhost-startStop-1] o.a.a.b.BrokerService [BrokerService.java:734] Apache ActiveMQ 5.14.5 (localhost, ID:C02W62E0HTDF-58430-1574184863431-0:1) is starting
2019-11-19 19:34:23,607 INFO [localhost-startStop-1] o.a.a.b.TransportConnector [TransportConnector.java:263] Connector vm://localhost started
2019-11-19 19:34:23,608 INFO [localhost-startStop-1] o.a.a.b.BrokerService [BrokerService.java:761] Apache ActiveMQ 5.14.5 (localhost, ID:C02W62E0HTDF-58430-1574184863431-0:1) started
2019-11-19 19:34:23,608 INFO [localhost-startStop-1] o.a.a.b.BrokerService [BrokerService.java:762] For help or more information please see: http://activemq.apache.org
2019-11-19 19:34:23,916 WARN [localhost-startStop-1] o.a.c.j.u.ResourceUtils [ResourceUtils.java:485] No resource methods have been found for resource class org.apache.cxf.interceptor.security.SecureAnnotationsInterceptor
2019-11-19 19:34:24,013 INFO [localhost-startStop-1] o.a.c.e.ServerImpl [ServerImpl.java:85] Setting the server's publish address to be /
2019-11-19 19:34:24,245 INFO [localhost-startStop-1] o.r.Reflections [Reflections.java:229] Reflections took 124 ms to scan 70 urls, producing 837 keys and 1402 values 
2019-11-19 19:35:18,875 INFO [ActiveMQ ShutdownHook] o.a.a.b.BrokerService [BrokerService.java:808] Apache ActiveMQ 5.14.5 (localhost, ID:C02W62E0HTDF-58430-1574184863431-0:1) is shutting down
